[  3%] Built target workcell_core__cpp
[ 12%] Built target workcell_core__rosidl_generator_c
[ 12%] Built target ament_cmake_python_copy_workcell_core
[ 21%] Built target workcell_core__rosidl_typesupport_cpp
[ 30%] Built target workcell_core__rosidl_typesupport_introspection_cpp
[ 39%] Built target workcell_core__rosidl_typesupport_fastrtps_c
[ 48%] Built target workcell_core__rosidl_typesupport_fastrtps_cpp
[ 57%] Built target workcell_core__rosidl_typesupport_introspection_c
[ 66%] Built target workcell_core__rosidl_typesupport_c
[ 69%] [32mBuilding CXX object CMakeFiles/vision_node.dir/src/vision_node.cpp.o[0m
[ 69%] Built target workcell_core
[ 72%] [34m[1mGenerating Python code for ROS interfaces[0m
[01m[K/home/stan/workspace/ws_ur_hv/src/workcell_core/src/vision_node.cpp:9:10:[m[K [01;31m[Kfatal error: [m[Kmyworkcell_core/srv/localize_part.hpp: No such file or directory
    9 | #include [01;31m[K<myworkcell_core/srv/localize_part.hpp>[m[K
      |          [01;31m[K^~~~~~~~~~~~~~~~~~~~~~~~~~~~~~~~~~~~~~~[m[K
compilation terminated.
gmake[2]: *** [CMakeFiles/vision_node.dir/build.make:76: CMakeFiles/vision_node.dir/src/vision_node.cpp.o] Error 1
gmake[1]: *** [CMakeFiles/Makefile2:593: CMakeFiles/vision_node.dir/all] Error 2
gmake[1]: *** Waiting for unfinished jobs....
running egg_info
writing workcell_core.egg-info/PKG-INFO
writing dependency_links to workcell_core.egg-info/dependency_links.txt
writing top-level names to workcell_core.egg-info/top_level.txt
reading manifest file 'workcell_core.egg-info/SOURCES.txt'
writing manifest file 'workcell_core.egg-info/SOURCES.txt'
[ 72%] Built target ament_cmake_python_build_workcell_core_egg
[ 72%] Built target workcell_core__py
gmake: *** [Makefile:146: all] Error 2
