[0.032s] Invoking command in '/home/stan/workspace/ws_ur_hv/build/workcell_core': CMAKE_PREFIX_PATH=/opt/ros/humble /home/stan/.local/bin/cmake --build /home/stan/workspace/ws_ur_hv/build/workcell_core -- -j12 -l12
[0.104s] [  3%] Built target workcell_core__cpp
[0.112s] [ 12%] Built target workcell_core__rosidl_generator_c
[0.113s] [ 12%] Built target ament_cmake_python_copy_workcell_core
[0.151s] [ 21%] Built target workcell_core__rosidl_typesupport_cpp
[0.153s] [ 30%] Built target workcell_core__rosidl_typesupport_introspection_cpp
[0.159s] [ 39%] Built target workcell_core__rosidl_typesupport_fastrtps_c
[0.159s] [ 48%] Built target workcell_core__rosidl_typesupport_fastrtps_cpp
[0.159s] [ 57%] Built target workcell_core__rosidl_typesupport_introspection_c
[0.159s] [ 66%] Built target workcell_core__rosidl_typesupport_c
[0.168s] [ 69%] [32mBuilding CXX object CMakeFiles/vision_node.dir/src/vision_node.cpp.o[0m
[0.171s] [ 69%] Built target workcell_core
[0.183s] [ 72%] [34m[1mGenerating Python code for ROS interfaces[0m
[0.578s] [01m[K/home/stan/workspace/ws_ur_hv/src/workcell_core/src/vision_node.cpp:9:10:[m[K [01;31m[Kfatal error: [m[Kmyworkcell_core/srv/localize_part.hpp: No such file or directory
[0.578s]     9 | #include [01;31m[K<myworkcell_core/srv/localize_part.hpp>[m[K
[0.579s]       |          [01;31m[K^~~~~~~~~~~~~~~~~~~~~~~~~~~~~~~~~~~~~~~[m[K
[0.579s] compilation terminated.
[0.583s] gmake[2]: *** [CMakeFiles/vision_node.dir/build.make:76: CMakeFiles/vision_node.dir/src/vision_node.cpp.o] Error 1
[0.583s] gmake[1]: *** [CMakeFiles/Makefile2:593: CMakeFiles/vision_node.dir/all] Error 2
[0.583s] gmake[1]: *** Waiting for unfinished jobs....
[0.599s] running egg_info
[0.600s] writing workcell_core.egg-info/PKG-INFO
[0.600s] writing dependency_links to workcell_core.egg-info/dependency_links.txt
[0.600s] writing top-level names to workcell_core.egg-info/top_level.txt
[0.604s] reading manifest file 'workcell_core.egg-info/SOURCES.txt'
[0.605s] writing manifest file 'workcell_core.egg-info/SOURCES.txt'
[0.630s] [ 72%] Built target ament_cmake_python_build_workcell_core_egg
[0.795s] [ 72%] Built target workcell_core__py
[0.795s] gmake: *** [Makefile:146: all] Error 2
[0.803s] Invoked command in '/home/stan/workspace/ws_ur_hv/build/workcell_core' returned '2': CMAKE_PREFIX_PATH=/opt/ros/humble /home/stan/.local/bin/cmake --build /home/stan/workspace/ws_ur_hv/build/workcell_core -- -j12 -l12
