[01m[K/home/stan/workspace/ws_ur_hv/src/workcell_core/src/vision_node.cpp:42:21:[m[K [01;31m[Kerror: [m[Kâ€˜[01m[Kmyworkcell_core[m[Kâ€™ has not been declared
   42 |   void localizePart([01;31m[Kmyworkcell_core[m[K::srv::LocalizePart::Request::SharedPtr req,
      |                     [01;31m[K^~~~~~~~~~~~~~~[m[K
[01m[K/home/stan/workspace/ws_ur_hv/src/workcell_core/src/vision_node.cpp:42:76:[m[K [01;31m[Kerror: [m[Kexpected â€˜[01m[K,[m[Kâ€™ or â€˜[01m[K...[m[Kâ€™ before â€˜[01m[Kreq[m[Kâ€™
   42 |   void localizePart(myworkcell_core::srv::LocalizePart::Request::SharedPtr [01;31m[Kreq[m[K,
      |                                                                            [01;31m[K^~~[m[K
[01m[K/home/stan/workspace/ws_ur_hv/src/workcell_core/src/vision_node.cpp:68:19:[m[K [01;31m[Kerror: [m[Kâ€˜[01m[Kmyworkcell_core[m[Kâ€™ was not declared in this scope; did you mean â€˜[01m[Kworkcell_core[m[Kâ€™?
   68 |   rclcpp::Service<[01;31m[Kmyworkcell_core[m[K::srv::LocalizePart>::SharedPtr server_;
      |                   [01;31m[K^~~~~~~~~~~~~~~[m[K
      |                   [32m[Kworkcell_core[m[K
[01m[K/home/stan/workspace/ws_ur_hv/src/workcell_core/src/vision_node.cpp:68:53:[m[K [01;31m[Kerror: [m[Ktemplate argument 1 is invalid
   68 |   rclcpp::Service<myworkcell_core::srv::LocalizePart[01;31m[K>[m[K::SharedPtr server_;
      |                                                     [01;31m[K^[m[K
[01m[K/home/stan/workspace/ws_ur_hv/src/workcell_core/src/vision_node.cpp:68:56:[m[K [01;31m[Kerror: [m[Kexpected â€˜[01m[K;[m[Kâ€™ at end of member declaration
   68 |   rclcpp::Service<myworkcell_core::srv::LocalizePart>::[01;31m[KSharedPtr[m[K server_;
      |                                                        [01;31m[K^~~~~~~~~[m[K
      |                                                                 [32m[K;[m[K
[01m[K/home/stan/workspace/ws_ur_hv/src/workcell_core/src/vision_node.cpp:68:66:[m[K [01;31m[Kerror: [m[Kâ€˜[01m[Kserver_[m[Kâ€™ does not name a type
   68 |   rclcpp::Service<myworkcell_core::srv::LocalizePart>::SharedPtr [01;31m[Kserver_[m[K;
      |                                                                  [01;31m[K^~~~~~~[m[K
[01m[K/home/stan/workspace/ws_ur_hv/src/workcell_core/src/vision_node.cpp:[m[K In constructor â€˜[01m[KLocalizer::Localizer()[m[Kâ€™:
[01m[K/home/stan/workspace/ws_ur_hv/src/workcell_core/src/vision_node.cpp:71:30:[m[K [01;35m[Kwarning: [m[Kâ€˜[01m[KLocalizer::listener_[m[Kâ€™ will be initialized after [[01;35m[K]8;;https://gcc.gnu.org/onlinedocs/gcc/Warning-Options.html#index-Wreorder-Wreorder]8;;[m[K]
   71 |   tf2_ros::TransformListener [01;35m[Klistener_[m[K;
      |                              [01;35m[K^~~~~~~~~[m[K
[01m[K/home/stan/workspace/ws_ur_hv/src/workcell_core/src/vision_node.cpp:69:47:[m[K [01;35m[Kwarning: [m[K  â€˜[01m[Kfake_ar_publisher::msg::ARMarker_<std::allocator<void> >::SharedPtr Localizer::last_msg_[m[Kâ€™ [[01;35m[K]8;;https://gcc.gnu.org/onlinedocs/gcc/Warning-Options.html#index-Wreorder-Wreorder]8;;[m[K]
   69 |   fake_ar_publisher::msg::ARMarker::SharedPtr [01;35m[Klast_msg_[m[K;
      |                                               [01;35m[K^~~~~~~~~[m[K
[01m[K/home/stan/workspace/ws_ur_hv/src/workcell_core/src/vision_node.cpp:19:3:[m[K [01;35m[Kwarning: [m[K  when initialized here [[01;35m[K]8;;https://gcc.gnu.org/onlinedocs/gcc/Warning-Options.html#index-Wreorder-Wreorder]8;;[m[K]
   19 |   [01;35m[KLocalizer[m[K() : Node("vision_node"),buffer_(this->get_clock()), listener_(buffer_),last_msg_{nullptr}
      |   [01;35m[K^~~~~~~~~[m[K
[01m[K/home/stan/workspace/ws_ur_hv/src/workcell_core/src/vision_node.cpp:26:5:[m[K [01;31m[Kerror: [m[Kâ€˜[01m[Kserver_[m[Kâ€™ was not declared in this scope
   26 |     [01;31m[Kserver_[m[K = this->create_service<myworkcell_core::srv::LocalizePart>(
      |     [01;31m[K^~~~~~~[m[K
[01m[K/home/stan/workspace/ws_ur_hv/src/workcell_core/src/vision_node.cpp:26:36:[m[K [01;31m[Kerror: [m[Kâ€˜[01m[Kmyworkcell_core[m[Kâ€™ was not declared in this scope; did you mean â€˜[01m[Kworkcell_core[m[Kâ€™?
   26 |     server_ = this->create_service<[01;31m[Kmyworkcell_core[m[K::srv::LocalizePart>(
      |                                    [01;31m[K^~~~~~~~~~~~~~~[m[K
      |                                    [32m[Kworkcell_core[m[K
[01m[K/home/stan/workspace/ws_ur_hv/src/workcell_core/src/vision_node.cpp:26:21:[m[K [01;31m[Kerror: [m[Kparse error in template argument list
   26 |     server_ = this->[01;31m[Kcreate_service<myworkcell_core::srv::LocalizePart>[m[K(
      |                     [01;31m[K^~~~~~~~~~~~~~~~~~~~~~~~~~~~~~~~~~~~~~~~~~~~~~~~~~[m[K
In file included from [01m[K/usr/include/c++/11/pstl/glue_algorithm_defs.h:13[m[K,
                 from [01m[K/usr/include/c++/11/algorithm:74[m[K,
                 from [01m[K/opt/ros/humble/include/rclcpp/rclcpp/executor.hpp:18[m[K,
                 from [01m[K/opt/ros/humble/include/rclcpp/rclcpp/executors/multi_threaded_executor.hpp:25[m[K,
                 from [01m[K/opt/ros/humble/include/rclcpp/rclcpp/executors.hpp:21[m[K,
                 from [01m[K/opt/ros/humble/include/rclcpp/rclcpp/rclcpp.hpp:155[m[K,
                 from [01m[K/home/stan/workspace/ws_ur_hv/src/workcell_core/src/vision_node.cpp:7[m[K:
/usr/include/c++/11/functional: In instantiation of â€˜[01m[Kstruct std::_Bind_check_arity<void (Localizer::*)(int), Localizer*, const std::_Placeholder<1>&, const std::_Placeholder<2>&>[m[Kâ€™:
[01m[K/usr/include/c++/11/functional:768:12:[m[K   required from â€˜[01m[Kstruct std::_Bind_helper<false, void (Localizer::*)(int), Localizer*, const std::_Placeholder<1>&, const std::_Placeholder<2>&>[m[Kâ€™
[01m[K/usr/include/c++/11/functional:789:5:[m[K   required by substitution of â€˜[01m[Ktemplate<class _Func, class ... _BoundArgs> typename std::_Bind_helper<std::__is_socketlike<_Func>::value, _Func, _BoundArgs ...>::type std::bind(_Func&&, _BoundArgs&& ...) [with _Func = void (Localizer::*)(int); _BoundArgs = {Localizer*, const std::_Placeholder<1>&, const std::_Placeholder<2>&}][m[Kâ€™
[01m[K/home/stan/workspace/ws_ur_hv/src/workcell_core/src/vision_node.cpp:28:18:[m[K   required from here
[01m[K/usr/include/c++/11/functional:756:21:[m[K [01;31m[Kerror: [m[Kstatic assertion failed: Wrong number of arguments for pointer-to-member
  755 |       static_assert(_Varargs::[01;31m[Kvalue[m[K
      |                               [01;31m[K~~~~~[m[K
  756 | [01;31m[K                    ? sizeof...(_BoundArgs) >= _Arity::value + 1[m[K
      |                     [01;31m[K^~~~~~~~~~~~~~~~~~~~~~~~~~~~~~~~~~~~~~~~~~~~[m[K
  757 | [01;31m[K                    : sizeof...(_BoundArgs) == _Arity::value + 1[m[K,
      |                     [01;31m[K~~~~~~~~~~~~~~~~~~~~~~~~~~~~~~~~~~~~~~~~~~~~[m[K
[01m[K/usr/include/c++/11/functional:756:21:[m[K [01;36m[Knote: [m[Kâ€˜[01m[K(false ? (3 >= (((long unsigned int)std::integral_constant<long unsigned int, 1>::value) + 1)) : (3 == (((long unsigned int)std::integral_constant<long unsigned int, 1>::value) + 1)))[m[Kâ€™ evaluates to false
[01m[K/home/stan/workspace/ws_ur_hv/src/workcell_core/src/vision_node.cpp:26:71:[m[K [01;31m[Kerror: [m[Kno matching function for call to â€˜[01m[KLocalizer::create_service<<expression error> >(const char [14], std::_Bind_helper<false, void (Localizer::*)(int), Localizer*, const std::_Placeholder<1>&, const std::_Placeholder<2>&>::type)[m[Kâ€™
   26 |     server_ = [01;31m[Kthis->create_service<myworkcell_core::srv::LocalizePart>([m[K
      |               [01;31m[K~~~~~~~~~~~~~~~~~~~~~~~~~~~~~~~~~~~~~~~~~~~~~~~~~~~~~~~~^[m[K
   27 | [01;31m[K        "localize_part",[m[K
      |         [01;31m[K~~~~~~~~~~~~~~~~[m[K                                               
   28 | [01;31m[K        std::bind(&Localizer::localizePart, this, std::placeholders::_1, std::placeholders::_2))[m[K;
      |         [01;31m[K~~~~~~~~~~~~~~~~~~~~~~~~~~~~~~~~~~~~~~~~~~~~~~~~~~~~~~~~~~~~~~~~~~~~~~~~~~~~~~~~~~~~~~~~[m[K
In file included from [01m[K/opt/ros/humble/include/rclcpp/rclcpp/executors/single_threaded_executor.hpp:28[m[K,
                 from [01m[K/opt/ros/humble/include/rclcpp/rclcpp/executors.hpp:22[m[K,
                 from [01m[K/opt/ros/humble/include/rclcpp/rclcpp/rclcpp.hpp:155[m[K,
                 from [01m[K/home/stan/workspace/ws_ur_hv/src/workcell_core/src/vision_node.cpp:7[m[K:
[01m[K/opt/ros/humble/include/rclcpp/rclcpp/node.hpp:267:3:[m[K [01;36m[Knote: [m[Kcandidate: â€˜[01m[Ktemplate<class ServiceT, class CallbackT> typename rclcpp::Service<ServiceT>::SharedPtr rclcpp::Node::create_service(const string&, CallbackT&&, const rmw_qos_profile_t&, rclcpp::CallbackGroup::SharedPtr)[m[Kâ€™
  267 |   [01;36m[Kcreate_service[m[K(
      |   [01;36m[K^~~~~~~~~~~~~~[m[K
[01m[K/opt/ros/humble/include/rclcpp/rclcpp/node.hpp:267:3:[m[K [01;36m[Knote: [m[K  template argument deduction/substitution failed:
[01m[K/home/stan/workspace/ws_ur_hv/src/workcell_core/src/vision_node.cpp:26:71:[m[K [01;31m[Kerror: [m[Ktemplate argument 1 is invalid
   26 |     server_ = [01;31m[Kthis->create_service<myworkcell_core::srv::LocalizePart>([m[K
      |               [01;31m[K~~~~~~~~~~~~~~~~~~~~~~~~~~~~~~~~~~~~~~~~~~~~~~~~~~~~~~~~^[m[K
   27 | [01;31m[K        "localize_part",[m[K
      |         [01;31m[K~~~~~~~~~~~~~~~~[m[K                                               
   28 | [01;31m[K        std::bind(&Localizer::localizePart, this, std::placeholders::_1, std::placeholders::_2))[m[K;
      |         [01;31m[K~~~~~~~~~~~~~~~~~~~~~~~~~~~~~~~~~~~~~~~~~~~~~~~~~~~~~~~~~~~~~~~~~~~~~~~~~~~~~~~~~~~~~~~~[m[K
[01m[K/home/stan/workspace/ws_ur_hv/src/workcell_core/src/vision_node.cpp:[m[K In member function â€˜[01m[Kvoid Localizer::localizePart(int)[m[Kâ€™:
[01m[K/home/stan/workspace/ws_ur_hv/src/workcell_core/src/vision_node.cpp:51:7:[m[K [01;31m[Kerror: [m[Kâ€˜[01m[Kres[m[Kâ€™ was not declared in this scope
   51 |       [01;31m[Kres[m[K->success = false;
      |       [01;31m[K^~~[m[K
[01m[K/home/stan/workspace/ws_ur_hv/src/workcell_core/src/vision_node.cpp:60:27:[m[K [01;31m[Kerror: [m[Kâ€˜[01m[Kreq[m[Kâ€™ was not declared in this scope
   60 |     target_pose_from_cam, [01;31m[Kreq[m[K->base_frame);
      |                           [01;31m[K^~~[m[K
[01m[K/home/stan/workspace/ws_ur_hv/src/workcell_core/src/vision_node.cpp:62:5:[m[K [01;31m[Kerror: [m[Kâ€˜[01m[Kres[m[Kâ€™ was not declared in this scope
   62 |     [01;31m[Kres[m[K->pose = target_pose_from_req.pose;
      |     [01;31m[K^~~[m[K
[01m[K/home/stan/workspace/ws_ur_hv/src/workcell_core/src/vision_node.cpp:42:66:[m[K [01;35m[Kwarning: [m[Kunused parameter â€˜[01m[KSharedPtr[m[Kâ€™ [[01;35m[K]8;;https://gcc.gnu.org/onlinedocs/gcc/Warning-Options.html#index-Wunused-parameter-Wunused-parameter]8;;[m[K]
   42 |   void localizePart([01;35m[Kmyworkcell_core::srv::LocalizePart::Request::SharedPtr[m[K req,
      |                     [01;35m[K~~~~~~~~~~~~~~~~~~~~~~~~~~~~~~~~~~~~~~~~~~~~~^~~~~~~~~[m[K
gmake[2]: *** [CMakeFiles/vision_node.dir/build.make:76: CMakeFiles/vision_node.dir/src/vision_node.cpp.o] Error 1
gmake[1]: *** [CMakeFiles/Makefile2:593: CMakeFiles/vision_node.dir/all] Error 2
gmake: *** [Makefile:146: all] Error 2
