-- Found ament_cmake: 1.3.5 (/opt/ros/humble/share/ament_cmake/cmake)
-- Found rclcpp: 16.0.4 (/opt/ros/humble/share/rclcpp/cmake)
-- Found rosidl_generator_c: 3.1.4 (/opt/ros/humble/share/rosidl_generator_c/cmake)
-- Found rosidl_adapter: 3.1.4 (/opt/ros/humble/share/rosidl_adapter/cmake)
-- Found rosidl_generator_cpp: 3.1.4 (/opt/ros/humble/share/rosidl_generator_cpp/cmake)
-- Using all available rosidl_typesupport_c: rosidl_typesupport_fastrtps_c;rosidl_typesupport_introspection_c
-- Using all available rosidl_typesupport_cpp: rosidl_typesupport_fastrtps_cpp;rosidl_typesupport_introspection_cpp
-- Found rmw_implementation_cmake: 6.1.1 (/opt/ros/humble/share/rmw_implementation_cmake/cmake)
-- Found rmw_fastrtps_cpp: 6.2.2 (/opt/ros/humble/share/rmw_fastrtps_cpp/cmake)
-- Using RMW implementation 'rmw_fastrtps_cpp' as default
-- Found fake_ar_publisher: 0.0.0 (/home/stan/workspace/ws_ur_hv/install/fake_ar_publisher/share/fake_ar_publisher/cmake)
-- Found tf2: 0.25.2 (/opt/ros/humble/share/tf2/cmake)
-- Found tf2_ros: 0.25.2 (/opt/ros/humble/share/tf2_ros/cmake)
-- Found tf2_geometry_msgs: 0.25.2 (/opt/ros/humble/share/tf2_geometry_msgs/cmake)
-- Found eigen3_cmake_module: 0.1.1 (/opt/ros/humble/share/eigen3_cmake_module/cmake)
-- Found Eigen3: TRUE (found version "3.4.0") 
-- Ensuring Eigen3 include directory is part of orocos-kdl CMake target
-- Found moveit_msgs: 2.2.1 (/opt/ros/humble/share/moveit_msgs/cmake)
-- Found moveit_ros_planning_interface: 2.5.4 (/opt/ros/humble/share/moveit_ros_planning_interface/cmake)
-- Found Boost: /usr/lib/x86_64-linux-gnu/cmake/Boost-1.74.0/BoostConfig.cmake (found version "1.74.0") found components: date_time filesystem program_options system thread 
-- Found Boost: /usr/lib/x86_64-linux-gnu/cmake/Boost-1.74.0/BoostConfig.cmake (found version "1.74.0") found components: chrono date_time filesystem iostreams program_options regex serialization system thread 
-- Found Boost: /usr/lib/x86_64-linux-gnu/cmake/Boost-1.74.0/BoostConfig.cmake (found version "1.74.0") found components: filesystem 
-- library: /usr/lib/x86_64-linux-gnu/libcurl.so
-- Found Boost: /usr/lib/x86_64-linux-gnu/cmake/Boost-1.74.0/BoostConfig.cmake (found version "1.74.0") found components: system filesystem date_time program_options thread chrono 
-- Found Boost: /usr/lib/x86_64-linux-gnu/cmake/Boost-1.74.0/BoostConfig.cmake (found version "1.74.0") found components: thread system filesystem regex date_time program_options 
-- Found Boost: /usr/lib/x86_64-linux-gnu/cmake/Boost-1.74.0/BoostConfig.cmake (found version "1.74.0") found components: system filesystem date_time program_options thread 
-- Found rosidl_default_generators: 1.2.0 (/opt/ros/humble/share/rosidl_default_generators/cmake)
-- Found ament_cmake_ros: 0.10.0 (/opt/ros/humble/share/ament_cmake_ros/cmake)
-- Using all available rosidl_typesupport_c: rosidl_typesupport_fastrtps_c;rosidl_typesupport_introspection_c
-- Using all available rosidl_typesupport_cpp: rosidl_typesupport_fastrtps_cpp;rosidl_typesupport_introspection_cpp
-- Found PythonInterp: /usr/bin/python3 (found suitable version "3.10.6", minimum required is "3.6") 
-- Found python_cmake_module: 0.10.0 (/opt/ros/humble/share/python_cmake_module/cmake)
-- Found PythonLibs: /usr/lib/x86_64-linux-gnu/libpython3.10.so (found suitable version "3.10.6", minimum required is "3.5") 
-- Using PYTHON_EXECUTABLE: /usr/bin/python3
-- Using PYTHON_INCLUDE_DIRS: /usr/include/python3.10
-- Using PYTHON_LIBRARIES: /usr/lib/x86_64-linux-gnu/libpython3.10.so
-- Found PythonExtra: .so  
-- Found ament_lint_auto: 0.12.6 (/opt/ros/humble/share/ament_lint_auto/cmake)
-- Added test 'cppcheck' to perform static code analysis on C / C++ code
-- Configured cppcheck include dirs: 
-- Configured cppcheck exclude dirs and/or files: 
-- Added test 'lint_cmake' to check CMake code style
-- Added test 'uncrustify' to check C / C++ code style
-- Configured uncrustify additional arguments: 
-- Added test 'xmllint' to check XML markup files
-- Configuring done (5.7s)
-- Generating done (0.0s)
-- Build files have been written to: /home/stan/workspace/ws_ur_hv/build/workcell_core
[  3%] [34m[1mGenerating C code for ROS interfaces[0m
[  6%] [34m[1mGenerating C++ code for ROS interfaces[0m
[  6%] Built target ament_cmake_python_copy_workcell_core
[  6%] Built target workcell_core__cpp
[  9%] [34m[1mGenerating C++ type support dispatch for ROS interfaces[0m
[ 12%] [34m[1mGenerating C++ introspection for ROS interfaces[0m
[ 15%] [34m[1mGenerating C++ type support for eProsima Fast-RTPS[0m
running egg_info
creating workcell_core.egg-info
writing workcell_core.egg-info/PKG-INFO
writing dependency_links to workcell_core.egg-info/dependency_links.txt
writing top-level names to workcell_core.egg-info/top_level.txt
writing manifest file 'workcell_core.egg-info/SOURCES.txt'
reading manifest file 'workcell_core.egg-info/SOURCES.txt'
writing manifest file 'workcell_core.egg-info/SOURCES.txt'
[ 15%] Built target ament_cmake_python_build_workcell_core_egg
[ 18%] [32mBuilding C object CMakeFiles/workcell_core__rosidl_generator_c.dir/rosidl_generator_c/workcell_core/srv/detail/localize_part__functions.c.o[0m
[ 21%] [32m[1mLinking C shared library libworkcell_core__rosidl_generator_c.so[0m
[ 21%] Built target workcell_core__rosidl_generator_c
[ 24%] [34m[1mGenerating C type support for eProsima Fast-RTPS[0m
[ 30%] [34m[1mGenerating C type support dispatch for ROS interfaces[0m
[ 30%] [34m[1mGenerating C introspection for ROS interfaces[0m
[ 33%] [32mBuilding CXX object CMakeFiles/workcell_core__rosidl_typesupport_cpp.dir/rosidl_typesupport_cpp/workcell_core/srv/localize_part__type_support.cpp.o[0m
[ 36%] [32mBuilding CXX object CMakeFiles/workcell_core__rosidl_typesupport_fastrtps_cpp.dir/rosidl_typesupport_fastrtps_cpp/workcell_core/srv/detail/dds_fastrtps/localize_part__type_support.cpp.o[0m
[ 39%] [32mBuilding CXX object CMakeFiles/workcell_core__rosidl_typesupport_c.dir/rosidl_typesupport_c/workcell_core/srv/localize_part__type_support.cpp.o[0m
[ 42%] [32mBuilding CXX object CMakeFiles/workcell_core__rosidl_typesupport_introspection_cpp.dir/rosidl_typesupport_introspection_cpp/workcell_core/srv/detail/localize_part__type_support.cpp.o[0m
[ 45%] [32m[1mLinking CXX shared library libworkcell_core__rosidl_typesupport_c.so[0m
[ 48%] [32mBuilding C object CMakeFiles/workcell_core__rosidl_typesupport_introspection_c.dir/rosidl_typesupport_introspection_c/workcell_core/srv/detail/localize_part__type_support.c.o[0m
[ 51%] [32m[1mLinking C shared library libworkcell_core__rosidl_typesupport_introspection_c.so[0m
[ 51%] Built target workcell_core__rosidl_typesupport_c
[ 51%] Built target workcell_core__rosidl_typesupport_introspection_c
[ 54%] [32mBuilding CXX object CMakeFiles/workcell_core__rosidl_typesupport_fastrtps_c.dir/rosidl_typesupport_fastrtps_c/workcell_core/srv/detail/localize_part__type_support_c.cpp.o[0m
[ 57%] [32m[1mLinking CXX shared library libworkcell_core__rosidl_typesupport_cpp.so[0m
[ 57%] Built target workcell_core__rosidl_typesupport_cpp
[ 60%] [32mBuilding CXX object CMakeFiles/vision_node.dir/src/vision_node.cpp.o[0m
[ 63%] [32m[1mLinking CXX shared library libworkcell_core__rosidl_typesupport_fastrtps_cpp.so[0m
[ 66%] [32m[1mLinking CXX shared library libworkcell_core__rosidl_typesupport_introspection_cpp.so[0m
[ 66%] Built target workcell_core__rosidl_typesupport_fastrtps_cpp
[ 69%] [32m[1mLinking CXX shared library libworkcell_core__rosidl_typesupport_fastrtps_c.so[0m
[ 69%] Built target workcell_core__rosidl_typesupport_introspection_cpp
[ 69%] Built target workcell_core__rosidl_typesupport_fastrtps_c
[ 69%] Built target workcell_core
[ 72%] [34m[1mGenerating Python code for ROS interfaces[0m
[ 72%] Built target workcell_core__py
[ 75%] [32mBuilding C object CMakeFiles/workcell_core__rosidl_generator_py.dir/rosidl_generator_py/workcell_core/srv/_localize_part_s.c.o[0m
[ 78%] [32m[1mLinking C shared library rosidl_generator_py/workcell_core/libworkcell_core__rosidl_generator_py.so[0m
[ 78%] Built target workcell_core__rosidl_generator_py
[ 84%] [32mBuilding C object CMakeFiles/workcell_core__rosidl_typesupport_fastrtps_c__pyext.dir/rosidl_generator_py/workcell_core/_workcell_core_s.ep.rosidl_typesupport_fastrtps_c.c.o[0m
[ 84%] [32mBuilding C object CMakeFiles/workcell_core__rosidl_typesupport_introspection_c__pyext.dir/rosidl_generator_py/workcell_core/_workcell_core_s.ep.rosidl_typesupport_introspection_c.c.o[0m
[ 87%] [32mBuilding C object CMakeFiles/workcell_core__rosidl_typesupport_c__pyext.dir/rosidl_generator_py/workcell_core/_workcell_core_s.ep.rosidl_typesupport_c.c.o[0m
[ 90%] [32m[1mLinking C shared library rosidl_generator_py/workcell_core/workcell_core_s__rosidl_typesupport_fastrtps_c.cpython-310-x86_64-linux-gnu.so[0m
[ 93%] [32m[1mLinking C shared library rosidl_generator_py/workcell_core/workcell_core_s__rosidl_typesupport_introspection_c.cpython-310-x86_64-linux-gnu.so[0m
[ 96%] [32m[1mLinking C shared library rosidl_generator_py/workcell_core/workcell_core_s__rosidl_typesupport_c.cpython-310-x86_64-linux-gnu.so[0m
[ 96%] Built target workcell_core__rosidl_typesupport_fastrtps_c__pyext
[ 96%] Built target workcell_core__rosidl_typesupport_introspection_c__pyext
[ 96%] Built target workcell_core__rosidl_typesupport_c__pyext
[01m[K/home/stan/workspace/ws_ur_hv/src/workcell_core/src/vision_node.cpp:42:21:[m[K [01;31m[Kerror: [m[Kâ€˜[01m[Kmyworkcell_core[m[Kâ€™ has not been declared
   42 |   void localizePart([01;31m[Kmyworkcell_core[m[K::srv::LocalizePart::Request::SharedPtr req,
      |                     [01;31m[K^~~~~~~~~~~~~~~[m[K
[01m[K/home/stan/workspace/ws_ur_hv/src/workcell_core/src/vision_node.cpp:42:76:[m[K [01;31m[Kerror: [m[Kexpected â€˜[01m[K,[m[Kâ€™ or â€˜[01m[K...[m[Kâ€™ before â€˜[01m[Kreq[m[Kâ€™
   42 |   void localizePart(myworkcell_core::srv::LocalizePart::Request::SharedPtr [01;31m[Kreq[m[K,
      |                                                                            [01;31m[K^~~[m[K
[01m[K/home/stan/workspace/ws_ur_hv/src/workcell_core/src/vision_node.cpp:68:19:[m[K [01;31m[Kerror: [m[Kâ€˜[01m[Kmyworkcell_core[m[Kâ€™ was not declared in this scope; did you mean â€˜[01m[Kworkcell_core[m[Kâ€™?
   68 |   rclcpp::Service<[01;31m[Kmyworkcell_core[m[K::srv::LocalizePart>::SharedPtr server_;
      |                   [01;31m[K^~~~~~~~~~~~~~~[m[K
      |                   [32m[Kworkcell_core[m[K
[01m[K/home/stan/workspace/ws_ur_hv/src/workcell_core/src/vision_node.cpp:68:53:[m[K [01;31m[Kerror: [m[Ktemplate argument 1 is invalid
   68 |   rclcpp::Service<myworkcell_core::srv::LocalizePart[01;31m[K>[m[K::SharedPtr server_;
      |                                                     [01;31m[K^[m[K
[01m[K/home/stan/workspace/ws_ur_hv/src/workcell_core/src/vision_node.cpp:68:56:[m[K [01;31m[Kerror: [m[Kexpected â€˜[01m[K;[m[Kâ€™ at end of member declaration
   68 |   rclcpp::Service<myworkcell_core::srv::LocalizePart>::[01;31m[KSharedPtr[m[K server_;
      |                                                        [01;31m[K^~~~~~~~~[m[K
      |                                                                 [32m[K;[m[K
[01m[K/home/stan/workspace/ws_ur_hv/src/workcell_core/src/vision_node.cpp:68:66:[m[K [01;31m[Kerror: [m[Kâ€˜[01m[Kserver_[m[Kâ€™ does not name a type
   68 |   rclcpp::Service<myworkcell_core::srv::LocalizePart>::SharedPtr [01;31m[Kserver_[m[K;
      |                                                                  [01;31m[K^~~~~~~[m[K
[01m[K/home/stan/workspace/ws_ur_hv/src/workcell_core/src/vision_node.cpp:[m[K In constructor â€˜[01m[KLocalizer::Localizer()[m[Kâ€™:
[01m[K/home/stan/workspace/ws_ur_hv/src/workcell_core/src/vision_node.cpp:71:30:[m[K [01;35m[Kwarning: [m[Kâ€˜[01m[KLocalizer::listener_[m[Kâ€™ will be initialized after [[01;35m[K]8;;https://gcc.gnu.org/onlinedocs/gcc/Warning-Options.html#index-Wreorder-Wreorder]8;;[m[K]
   71 |   tf2_ros::TransformListener [01;35m[Klistener_[m[K;
      |                              [01;35m[K^~~~~~~~~[m[K
[01m[K/home/stan/workspace/ws_ur_hv/src/workcell_core/src/vision_node.cpp:69:47:[m[K [01;35m[Kwarning: [m[K  â€˜[01m[Kfake_ar_publisher::msg::ARMarker_<std::allocator<void> >::SharedPtr Localizer::last_msg_[m[Kâ€™ [[01;35m[K]8;;https://gcc.gnu.org/onlinedocs/gcc/Warning-Options.html#index-Wreorder-Wreorder]8;;[m[K]
   69 |   fake_ar_publisher::msg::ARMarker::SharedPtr [01;35m[Klast_msg_[m[K;
      |                                               [01;35m[K^~~~~~~~~[m[K
[01m[K/home/stan/workspace/ws_ur_hv/src/workcell_core/src/vision_node.cpp:19:3:[m[K [01;35m[Kwarning: [m[K  when initialized here [[01;35m[K]8;;https://gcc.gnu.org/onlinedocs/gcc/Warning-Options.html#index-Wreorder-Wreorder]8;;[m[K]
   19 |   [01;35m[KLocalizer[m[K() : Node("vision_node"),buffer_(this->get_clock()), listener_(buffer_),last_msg_{nullptr}
      |   [01;35m[K^~~~~~~~~[m[K
[01m[K/home/stan/workspace/ws_ur_hv/src/workcell_core/src/vision_node.cpp:26:5:[m[K [01;31m[Kerror: [m[Kâ€˜[01m[Kserver_[m[Kâ€™ was not declared in this scope
   26 |     [01;31m[Kserver_[m[K = this->create_service<myworkcell_core::srv::LocalizePart>(
      |     [01;31m[K^~~~~~~[m[K
[01m[K/home/stan/workspace/ws_ur_hv/src/workcell_core/src/vision_node.cpp:26:36:[m[K [01;31m[Kerror: [m[Kâ€˜[01m[Kmyworkcell_core[m[Kâ€™ was not declared in this scope; did you mean â€˜[01m[Kworkcell_core[m[Kâ€™?
   26 |     server_ = this->create_service<[01;31m[Kmyworkcell_core[m[K::srv::LocalizePart>(
      |                                    [01;31m[K^~~~~~~~~~~~~~~[m[K
      |                                    [32m[Kworkcell_core[m[K
[01m[K/home/stan/workspace/ws_ur_hv/src/workcell_core/src/vision_node.cpp:26:21:[m[K [01;31m[Kerror: [m[Kparse error in template argument list
   26 |     server_ = this->[01;31m[Kcreate_service<myworkcell_core::srv::LocalizePart>[m[K(
      |                     [01;31m[K^~~~~~~~~~~~~~~~~~~~~~~~~~~~~~~~~~~~~~~~~~~~~~~~~~[m[K
In file included from [01m[K/usr/include/c++/11/pstl/glue_algorithm_defs.h:13[m[K,
                 from [01m[K/usr/include/c++/11/algorithm:74[m[K,
                 from [01m[K/opt/ros/humble/include/rclcpp/rclcpp/executor.hpp:18[m[K,
                 from [01m[K/opt/ros/humble/include/rclcpp/rclcpp/executors/multi_threaded_executor.hpp:25[m[K,
                 from [01m[K/opt/ros/humble/include/rclcpp/rclcpp/executors.hpp:21[m[K,
                 from [01m[K/opt/ros/humble/include/rclcpp/rclcpp/rclcpp.hpp:155[m[K,
                 from [01m[K/home/stan/workspace/ws_ur_hv/src/workcell_core/src/vision_node.cpp:7[m[K:
/usr/include/c++/11/functional: In instantiation of â€˜[01m[Kstruct std::_Bind_check_arity<void (Localizer::*)(int), Localizer*, const std::_Placeholder<1>&, const std::_Placeholder<2>&>[m[Kâ€™:
[01m[K/usr/include/c++/11/functional:768:12:[m[K   required from â€˜[01m[Kstruct std::_Bind_helper<false, void (Localizer::*)(int), Localizer*, const std::_Placeholder<1>&, const std::_Placeholder<2>&>[m[Kâ€™
[01m[K/usr/include/c++/11/functional:789:5:[m[K   required by substitution of â€˜[01m[Ktemplate<class _Func, class ... _BoundArgs> typename std::_Bind_helper<std::__is_socketlike<_Func>::value, _Func, _BoundArgs ...>::type std::bind(_Func&&, _BoundArgs&& ...) [with _Func = void (Localizer::*)(int); _BoundArgs = {Localizer*, const std::_Placeholder<1>&, const std::_Placeholder<2>&}][m[Kâ€™
[01m[K/home/stan/workspace/ws_ur_hv/src/workcell_core/src/vision_node.cpp:28:18:[m[K   required from here
[01m[K/usr/include/c++/11/functional:756:21:[m[K [01;31m[Kerror: [m[Kstatic assertion failed: Wrong number of arguments for pointer-to-member
  755 |       static_assert(_Varargs::[01;31m[Kvalue[m[K
      |                               [01;31m[K~~~~~[m[K
  756 | [01;31m[K                    ? sizeof...(_BoundArgs) >= _Arity::value + 1[m[K
      |                     [01;31m[K^~~~~~~~~~~~~~~~~~~~~~~~~~~~~~~~~~~~~~~~~~~~[m[K
  757 | [01;31m[K                    : sizeof...(_BoundArgs) == _Arity::value + 1[m[K,
      |                     [01;31m[K~~~~~~~~~~~~~~~~~~~~~~~~~~~~~~~~~~~~~~~~~~~~[m[K
[01m[K/usr/include/c++/11/functional:756:21:[m[K [01;36m[Knote: [m[Kâ€˜[01m[K(false ? (3 >= (((long unsigned int)std::integral_constant<long unsigned int, 1>::value) + 1)) : (3 == (((long unsigned int)std::integral_constant<long unsigned int, 1>::value) + 1)))[m[Kâ€™ evaluates to false
[01m[K/home/stan/workspace/ws_ur_hv/src/workcell_core/src/vision_node.cpp:26:71:[m[K [01;31m[Kerror: [m[Kno matching function for call to â€˜[01m[KLocalizer::create_service<<expression error> >(const char [14], std::_Bind_helper<false, void (Localizer::*)(int), Localizer*, const std::_Placeholder<1>&, const std::_Placeholder<2>&>::type)[m[Kâ€™
   26 |     server_ = [01;31m[Kthis->create_service<myworkcell_core::srv::LocalizePart>([m[K
      |               [01;31m[K~~~~~~~~~~~~~~~~~~~~~~~~~~~~~~~~~~~~~~~~~~~~~~~~~~~~~~~~^[m[K
   27 | [01;31m[K        "localize_part",[m[K
      |         [01;31m[K~~~~~~~~~~~~~~~~[m[K                                               
   28 | [01;31m[K        std::bind(&Localizer::localizePart, this, std::placeholders::_1, std::placeholders::_2))[m[K;
      |         [01;31m[K~~~~~~~~~~~~~~~~~~~~~~~~~~~~~~~~~~~~~~~~~~~~~~~~~~~~~~~~~~~~~~~~~~~~~~~~~~~~~~~~~~~~~~~~[m[K
In file included from [01m[K/opt/ros/humble/include/rclcpp/rclcpp/executors/single_threaded_executor.hpp:28[m[K,
                 from [01m[K/opt/ros/humble/include/rclcpp/rclcpp/executors.hpp:22[m[K,
                 from [01m[K/opt/ros/humble/include/rclcpp/rclcpp/rclcpp.hpp:155[m[K,
                 from [01m[K/home/stan/workspace/ws_ur_hv/src/workcell_core/src/vision_node.cpp:7[m[K:
[01m[K/opt/ros/humble/include/rclcpp/rclcpp/node.hpp:267:3:[m[K [01;36m[Knote: [m[Kcandidate: â€˜[01m[Ktemplate<class ServiceT, class CallbackT> typename rclcpp::Service<ServiceT>::SharedPtr rclcpp::Node::create_service(const string&, CallbackT&&, const rmw_qos_profile_t&, rclcpp::CallbackGroup::SharedPtr)[m[Kâ€™
  267 |   [01;36m[Kcreate_service[m[K(
      |   [01;36m[K^~~~~~~~~~~~~~[m[K
[01m[K/opt/ros/humble/include/rclcpp/rclcpp/node.hpp:267:3:[m[K [01;36m[Knote: [m[K  template argument deduction/substitution failed:
[01m[K/home/stan/workspace/ws_ur_hv/src/workcell_core/src/vision_node.cpp:26:71:[m[K [01;31m[Kerror: [m[Ktemplate argument 1 is invalid
   26 |     server_ = [01;31m[Kthis->create_service<myworkcell_core::srv::LocalizePart>([m[K
      |               [01;31m[K~~~~~~~~~~~~~~~~~~~~~~~~~~~~~~~~~~~~~~~~~~~~~~~~~~~~~~~~^[m[K
   27 | [01;31m[K        "localize_part",[m[K
      |         [01;31m[K~~~~~~~~~~~~~~~~[m[K                                               
   28 | [01;31m[K        std::bind(&Localizer::localizePart, this, std::placeholders::_1, std::placeholders::_2))[m[K;
      |         [01;31m[K~~~~~~~~~~~~~~~~~~~~~~~~~~~~~~~~~~~~~~~~~~~~~~~~~~~~~~~~~~~~~~~~~~~~~~~~~~~~~~~~~~~~~~~~[m[K
[01m[K/home/stan/workspace/ws_ur_hv/src/workcell_core/src/vision_node.cpp:[m[K In member function â€˜[01m[Kvoid Localizer::localizePart(int)[m[Kâ€™:
[01m[K/home/stan/workspace/ws_ur_hv/src/workcell_core/src/vision_node.cpp:51:7:[m[K [01;31m[Kerror: [m[Kâ€˜[01m[Kres[m[Kâ€™ was not declared in this scope
   51 |       [01;31m[Kres[m[K->success = false;
      |       [01;31m[K^~~[m[K
[01m[K/home/stan/workspace/ws_ur_hv/src/workcell_core/src/vision_node.cpp:60:27:[m[K [01;31m[Kerror: [m[Kâ€˜[01m[Kreq[m[Kâ€™ was not declared in this scope
   60 |     target_pose_from_cam, [01;31m[Kreq[m[K->base_frame);
      |                           [01;31m[K^~~[m[K
[01m[K/home/stan/workspace/ws_ur_hv/src/workcell_core/src/vision_node.cpp:62:5:[m[K [01;31m[Kerror: [m[Kâ€˜[01m[Kres[m[Kâ€™ was not declared in this scope
   62 |     [01;31m[Kres[m[K->pose = target_pose_from_req.pose;
      |     [01;31m[K^~~[m[K
[01m[K/home/stan/workspace/ws_ur_hv/src/workcell_core/src/vision_node.cpp:42:66:[m[K [01;35m[Kwarning: [m[Kunused parameter â€˜[01m[KSharedPtr[m[Kâ€™ [[01;35m[K]8;;https://gcc.gnu.org/onlinedocs/gcc/Warning-Options.html#index-Wunused-parameter-Wunused-parameter]8;;[m[K]
   42 |   void localizePart([01;35m[Kmyworkcell_core::srv::LocalizePart::Request::SharedPtr[m[K req,
      |                     [01;35m[K~~~~~~~~~~~~~~~~~~~~~~~~~~~~~~~~~~~~~~~~~~~~~^~~~~~~~~[m[K
gmake[2]: *** [CMakeFiles/vision_node.dir/build.make:76: CMakeFiles/vision_node.dir/src/vision_node.cpp.o] Error 1
gmake[1]: *** [CMakeFiles/Makefile2:593: CMakeFiles/vision_node.dir/all] Error 2
gmake: *** [Makefile:146: all] Error 2
