[0.009s] Invoking command in '/home/stan/workspace/ws_ur_hv/build/workcell_core': AMENT_PREFIX_PATH=/home/stan/workspace/ws_ur_hv/install/fake_ar_publisher:${AMENT_PREFIX_PATH} CMAKE_PREFIX_PATH=/home/stan/workspace/ws_ur_hv/install/fake_ar_publisher:/opt/ros/humble LD_LIBRARY_PATH=/home/stan/workspace/ws_ur_hv/install/fake_ar_publisher/lib:${LD_LIBRARY_PATH} PYTHONPATH=/home/stan/workspace/ws_ur_hv/install/fake_ar_publisher/local/lib/python3.10/dist-packages:${PYTHONPATH} /home/stan/.local/bin/cmake /home/stan/workspace/ws_ur_hv/src/workcell_core -DCMAKE_INSTALL_PREFIX=/home/stan/workspace/ws_ur_hv/install/workcell_core
[0.087s] -- Found ament_cmake: 1.3.5 (/opt/ros/humble/share/ament_cmake/cmake)
[0.177s] -- Found rclcpp: 16.0.4 (/opt/ros/humble/share/rclcpp/cmake)
[0.248s] -- Found rosidl_generator_c: 3.1.4 (/opt/ros/humble/share/rosidl_generator_c/cmake)
[0.255s] -- Found rosidl_adapter: 3.1.4 (/opt/ros/humble/share/rosidl_adapter/cmake)
[0.269s] -- Found rosidl_generator_cpp: 3.1.4 (/opt/ros/humble/share/rosidl_generator_cpp/cmake)
[0.298s] -- Using all available rosidl_typesupport_c: rosidl_typesupport_fastrtps_c;rosidl_typesupport_introspection_c
[0.340s] -- Using all available rosidl_typesupport_cpp: rosidl_typesupport_fastrtps_cpp;rosidl_typesupport_introspection_cpp
[0.463s] -- Found rmw_implementation_cmake: 6.1.1 (/opt/ros/humble/share/rmw_implementation_cmake/cmake)
[0.465s] -- Found rmw_fastrtps_cpp: 6.2.2 (/opt/ros/humble/share/rmw_fastrtps_cpp/cmake)
[0.635s] -- Using RMW implementation 'rmw_fastrtps_cpp' as default
[0.920s] -- Found fake_ar_publisher: 0.0.0 (/home/stan/workspace/ws_ur_hv/install/fake_ar_publisher/share/fake_ar_publisher/cmake)
[1.461s] -- Found tf2: 0.25.2 (/opt/ros/humble/share/tf2/cmake)
[1.487s] -- Found tf2_ros: 0.25.2 (/opt/ros/humble/share/tf2_ros/cmake)
[2.009s] -- Found tf2_geometry_msgs: 0.25.2 (/opt/ros/humble/share/tf2_geometry_msgs/cmake)
[2.039s] -- Found eigen3_cmake_module: 0.1.1 (/opt/ros/humble/share/eigen3_cmake_module/cmake)
[2.042s] -- Found Eigen3: TRUE (found version "3.4.0") 
[2.042s] -- Ensuring Eigen3 include directory is part of orocos-kdl CMake target
[2.054s] -- Found moveit_msgs: 2.2.1 (/opt/ros/humble/share/moveit_msgs/cmake)
[2.834s] -- Found moveit_ros_planning_interface: 2.5.4 (/opt/ros/humble/share/moveit_ros_planning_interface/cmake)
[2.863s] -- Found Boost: /usr/lib/x86_64-linux-gnu/cmake/Boost-1.74.0/BoostConfig.cmake (found version "1.74.0") found components: date_time filesystem program_options system thread 
[2.902s] -- Found Boost: /usr/lib/x86_64-linux-gnu/cmake/Boost-1.74.0/BoostConfig.cmake (found version "1.74.0") found components: chrono date_time filesystem iostreams program_options regex serialization system thread 
[2.922s] -- Found Boost: /usr/lib/x86_64-linux-gnu/cmake/Boost-1.74.0/BoostConfig.cmake (found version "1.74.0") found components: filesystem 
[3.015s] -- library: /usr/lib/x86_64-linux-gnu/libcurl.so
[3.333s] -- Found Boost: /usr/lib/x86_64-linux-gnu/cmake/Boost-1.74.0/BoostConfig.cmake (found version "1.74.0") found components: system filesystem date_time program_options thread chrono 
[3.931s] -- Found Boost: /usr/lib/x86_64-linux-gnu/cmake/Boost-1.74.0/BoostConfig.cmake (found version "1.74.0") found components: thread system filesystem regex date_time program_options 
[4.213s] -- Found Boost: /usr/lib/x86_64-linux-gnu/cmake/Boost-1.74.0/BoostConfig.cmake (found version "1.74.0") found components: system filesystem date_time program_options thread 
[4.708s] -- Found rosidl_default_generators: 1.2.0 (/opt/ros/humble/share/rosidl_default_generators/cmake)
[5.008s] -- Found ament_cmake_ros: 0.10.0 (/opt/ros/humble/share/ament_cmake_ros/cmake)
[5.374s] -- Using all available rosidl_typesupport_c: rosidl_typesupport_fastrtps_c;rosidl_typesupport_introspection_c
[5.504s] -- Using all available rosidl_typesupport_cpp: rosidl_typesupport_fastrtps_cpp;rosidl_typesupport_introspection_cpp
[5.530s] -- Found PythonInterp: /usr/bin/python3 (found suitable version "3.10.6", minimum required is "3.6") 
[5.532s] -- Found python_cmake_module: 0.10.0 (/opt/ros/humble/share/python_cmake_module/cmake)
[5.568s] -- Found PythonLibs: /usr/lib/x86_64-linux-gnu/libpython3.10.so (found suitable version "3.10.6", minimum required is "3.5") 
[5.568s] -- Using PYTHON_EXECUTABLE: /usr/bin/python3
[5.569s] -- Using PYTHON_INCLUDE_DIRS: /usr/include/python3.10
[5.569s] -- Using PYTHON_LIBRARIES: /usr/lib/x86_64-linux-gnu/libpython3.10.so
[5.593s] -- Found PythonExtra: .so  
[5.700s] -- Found ament_lint_auto: 0.12.6 (/opt/ros/humble/share/ament_lint_auto/cmake)
[5.726s] -- Added test 'cppcheck' to perform static code analysis on C / C++ code
[5.727s] -- Configured cppcheck include dirs: 
[5.727s] -- Configured cppcheck exclude dirs and/or files: 
[5.728s] -- Added test 'lint_cmake' to check CMake code style
[5.730s] -- Added test 'uncrustify' to check C / C++ code style
[5.730s] -- Configured uncrustify additional arguments: 
[5.730s] -- Added test 'xmllint' to check XML markup files
[5.735s] -- Configuring done (5.7s)
[5.791s] -- Generating done (0.0s)
[5.795s] -- Build files have been written to: /home/stan/workspace/ws_ur_hv/build/workcell_core
[5.814s] Invoked command in '/home/stan/workspace/ws_ur_hv/build/workcell_core' returned '0': AMENT_PREFIX_PATH=/home/stan/workspace/ws_ur_hv/install/fake_ar_publisher:${AMENT_PREFIX_PATH} CMAKE_PREFIX_PATH=/home/stan/workspace/ws_ur_hv/install/fake_ar_publisher:/opt/ros/humble LD_LIBRARY_PATH=/home/stan/workspace/ws_ur_hv/install/fake_ar_publisher/lib:${LD_LIBRARY_PATH} PYTHONPATH=/home/stan/workspace/ws_ur_hv/install/fake_ar_publisher/local/lib/python3.10/dist-packages:${PYTHONPATH} /home/stan/.local/bin/cmake /home/stan/workspace/ws_ur_hv/src/workcell_core -DCMAKE_INSTALL_PREFIX=/home/stan/workspace/ws_ur_hv/install/workcell_core
[5.816s] Invoking command in '/home/stan/workspace/ws_ur_hv/build/workcell_core': AMENT_PREFIX_PATH=/home/stan/workspace/ws_ur_hv/install/fake_ar_publisher:${AMENT_PREFIX_PATH} CMAKE_PREFIX_PATH=/home/stan/workspace/ws_ur_hv/install/fake_ar_publisher:/opt/ros/humble LD_LIBRARY_PATH=/home/stan/workspace/ws_ur_hv/install/fake_ar_publisher/lib:${LD_LIBRARY_PATH} PYTHONPATH=/home/stan/workspace/ws_ur_hv/install/fake_ar_publisher/local/lib/python3.10/dist-packages:${PYTHONPATH} /home/stan/.local/bin/cmake --build /home/stan/workspace/ws_ur_hv/build/workcell_core -- -j12 -l12
[5.869s] [  3%] [34m[1mGenerating C code for ROS interfaces[0m
[5.874s] [  6%] [34m[1mGenerating C++ code for ROS interfaces[0m
[5.875s] [  6%] Built target ament_cmake_python_copy_workcell_core
[6.176s] [  6%] Built target workcell_core__cpp
[6.180s] [  9%] [34m[1mGenerating C++ type support dispatch for ROS interfaces[0m
[6.182s] [ 12%] [34m[1mGenerating C++ introspection for ROS interfaces[0m
[6.182s] [ 15%] [34m[1mGenerating C++ type support for eProsima Fast-RTPS[0m
[6.184s] running egg_info
[6.185s] creating workcell_core.egg-info
[6.185s] writing workcell_core.egg-info/PKG-INFO
[6.186s] writing dependency_links to workcell_core.egg-info/dependency_links.txt
[6.186s] writing top-level names to workcell_core.egg-info/top_level.txt
[6.186s] writing manifest file 'workcell_core.egg-info/SOURCES.txt'
[6.189s] reading manifest file 'workcell_core.egg-info/SOURCES.txt'
[6.190s] writing manifest file 'workcell_core.egg-info/SOURCES.txt'
[6.215s] [ 15%] Built target ament_cmake_python_build_workcell_core_egg
[6.257s] [ 18%] [32mBuilding C object CMakeFiles/workcell_core__rosidl_generator_c.dir/rosidl_generator_c/workcell_core/srv/detail/localize_part__functions.c.o[0m
[6.310s] [ 21%] [32m[1mLinking C shared library libworkcell_core__rosidl_generator_c.so[0m
[6.334s] [ 21%] Built target workcell_core__rosidl_generator_c
[6.340s] [ 24%] [34m[1mGenerating C type support for eProsima Fast-RTPS[0m
[6.341s] [ 30%] [34m[1mGenerating C type support dispatch for ROS interfaces[0m
[6.341s] [ 30%] [34m[1mGenerating C introspection for ROS interfaces[0m
[6.504s] [ 33%] [32mBuilding CXX object CMakeFiles/workcell_core__rosidl_typesupport_cpp.dir/rosidl_typesupport_cpp/workcell_core/srv/localize_part__type_support.cpp.o[0m
[6.585s] [ 36%] [32mBuilding CXX object CMakeFiles/workcell_core__rosidl_typesupport_fastrtps_cpp.dir/rosidl_typesupport_fastrtps_cpp/workcell_core/srv/detail/dds_fastrtps/localize_part__type_support.cpp.o[0m
[6.611s] [ 39%] [32mBuilding CXX object CMakeFiles/workcell_core__rosidl_typesupport_c.dir/rosidl_typesupport_c/workcell_core/srv/localize_part__type_support.cpp.o[0m
[6.642s] [ 42%] [32mBuilding CXX object CMakeFiles/workcell_core__rosidl_typesupport_introspection_cpp.dir/rosidl_typesupport_introspection_cpp/workcell_core/srv/detail/localize_part__type_support.cpp.o[0m
[6.643s] [ 45%] [32m[1mLinking CXX shared library libworkcell_core__rosidl_typesupport_c.so[0m
[6.644s] [ 48%] [32mBuilding C object CMakeFiles/workcell_core__rosidl_typesupport_introspection_c.dir/rosidl_typesupport_introspection_c/workcell_core/srv/detail/localize_part__type_support.c.o[0m
[6.689s] [ 51%] [32m[1mLinking C shared library libworkcell_core__rosidl_typesupport_introspection_c.so[0m
[6.689s] [ 51%] Built target workcell_core__rosidl_typesupport_c
[6.717s] [ 51%] Built target workcell_core__rosidl_typesupport_introspection_c
[6.779s] [ 54%] [32mBuilding CXX object CMakeFiles/workcell_core__rosidl_typesupport_fastrtps_c.dir/rosidl_typesupport_fastrtps_c/workcell_core/srv/detail/localize_part__type_support_c.cpp.o[0m
[6.813s] [ 57%] [32m[1mLinking CXX shared library libworkcell_core__rosidl_typesupport_cpp.so[0m
[6.844s] [ 57%] Built target workcell_core__rosidl_typesupport_cpp
[6.858s] [ 60%] [32mBuilding CXX object CMakeFiles/vision_node.dir/src/vision_node.cpp.o[0m
[7.076s] [ 63%] [32m[1mLinking CXX shared library libworkcell_core__rosidl_typesupport_fastrtps_cpp.so[0m
[7.124s] [ 66%] [32m[1mLinking CXX shared library libworkcell_core__rosidl_typesupport_introspection_cpp.so[0m
[7.141s] [ 66%] Built target workcell_core__rosidl_typesupport_fastrtps_cpp
[7.176s] [ 69%] [32m[1mLinking CXX shared library libworkcell_core__rosidl_typesupport_fastrtps_c.so[0m
[7.182s] [ 69%] Built target workcell_core__rosidl_typesupport_introspection_cpp
[7.239s] [ 69%] Built target workcell_core__rosidl_typesupport_fastrtps_c
[7.247s] [ 69%] Built target workcell_core
[7.255s] [ 72%] [34m[1mGenerating Python code for ROS interfaces[0m
[7.671s] [ 72%] Built target workcell_core__py
[7.680s] [ 75%] [32mBuilding C object CMakeFiles/workcell_core__rosidl_generator_py.dir/rosidl_generator_py/workcell_core/srv/_localize_part_s.c.o[0m
[7.788s] [ 78%] [32m[1mLinking C shared library rosidl_generator_py/workcell_core/libworkcell_core__rosidl_generator_py.so[0m
[7.823s] [ 78%] Built target workcell_core__rosidl_generator_py
[7.832s] [ 84%] [32mBuilding C object CMakeFiles/workcell_core__rosidl_typesupport_fastrtps_c__pyext.dir/rosidl_generator_py/workcell_core/_workcell_core_s.ep.rosidl_typesupport_fastrtps_c.c.o[0m
[7.832s] [ 84%] [32mBuilding C object CMakeFiles/workcell_core__rosidl_typesupport_introspection_c__pyext.dir/rosidl_generator_py/workcell_core/_workcell_core_s.ep.rosidl_typesupport_introspection_c.c.o[0m
[7.833s] [ 87%] [32mBuilding C object CMakeFiles/workcell_core__rosidl_typesupport_c__pyext.dir/rosidl_generator_py/workcell_core/_workcell_core_s.ep.rosidl_typesupport_c.c.o[0m
[7.937s] [ 90%] [32m[1mLinking C shared library rosidl_generator_py/workcell_core/workcell_core_s__rosidl_typesupport_fastrtps_c.cpython-310-x86_64-linux-gnu.so[0m
[7.940s] [ 93%] [32m[1mLinking C shared library rosidl_generator_py/workcell_core/workcell_core_s__rosidl_typesupport_introspection_c.cpython-310-x86_64-linux-gnu.so[0m
[7.969s] [ 96%] [32m[1mLinking C shared library rosidl_generator_py/workcell_core/workcell_core_s__rosidl_typesupport_c.cpython-310-x86_64-linux-gnu.so[0m
[7.972s] [ 96%] Built target workcell_core__rosidl_typesupport_fastrtps_c__pyext
[7.972s] [ 96%] Built target workcell_core__rosidl_typesupport_introspection_c__pyext
[7.999s] [ 96%] Built target workcell_core__rosidl_typesupport_c__pyext
[9.793s] [01m[K/home/stan/workspace/ws_ur_hv/src/workcell_core/src/vision_node.cpp:42:21:[m[K [01;31m[Kerror: [m[Kâ€˜[01m[Kmyworkcell_core[m[Kâ€™ has not been declared
[9.793s]    42 |   void localizePart([01;31m[Kmyworkcell_core[m[K::srv::LocalizePart::Request::SharedPtr req,
[9.793s]       |                     [01;31m[K^~~~~~~~~~~~~~~[m[K
[9.794s] [01m[K/home/stan/workspace/ws_ur_hv/src/workcell_core/src/vision_node.cpp:42:76:[m[K [01;31m[Kerror: [m[Kexpected â€˜[01m[K,[m[Kâ€™ or â€˜[01m[K...[m[Kâ€™ before â€˜[01m[Kreq[m[Kâ€™
[9.794s]    42 |   void localizePart(myworkcell_core::srv::LocalizePart::Request::SharedPtr [01;31m[Kreq[m[K,
[9.794s]       |                                                                            [01;31m[K^~~[m[K
[9.841s] [01m[K/home/stan/workspace/ws_ur_hv/src/workcell_core/src/vision_node.cpp:68:19:[m[K [01;31m[Kerror: [m[Kâ€˜[01m[Kmyworkcell_core[m[Kâ€™ was not declared in this scope; did you mean â€˜[01m[Kworkcell_core[m[Kâ€™?
[9.841s]    68 |   rclcpp::Service<[01;31m[Kmyworkcell_core[m[K::srv::LocalizePart>::SharedPtr server_;
[9.841s]       |                   [01;31m[K^~~~~~~~~~~~~~~[m[K
[9.841s]       |                   [32m[Kworkcell_core[m[K
[9.841s] [01m[K/home/stan/workspace/ws_ur_hv/src/workcell_core/src/vision_node.cpp:68:53:[m[K [01;31m[Kerror: [m[Ktemplate argument 1 is invalid
[9.841s]    68 |   rclcpp::Service<myworkcell_core::srv::LocalizePart[01;31m[K>[m[K::SharedPtr server_;
[9.841s]       |                                                     [01;31m[K^[m[K
[9.841s] [01m[K/home/stan/workspace/ws_ur_hv/src/workcell_core/src/vision_node.cpp:68:56:[m[K [01;31m[Kerror: [m[Kexpected â€˜[01m[K;[m[Kâ€™ at end of member declaration
[9.842s]    68 |   rclcpp::Service<myworkcell_core::srv::LocalizePart>::[01;31m[KSharedPtr[m[K server_;
[9.842s]       |                                                        [01;31m[K^~~~~~~~~[m[K
[9.842s]       |                                                                 [32m[K;[m[K
[9.842s] [01m[K/home/stan/workspace/ws_ur_hv/src/workcell_core/src/vision_node.cpp:68:66:[m[K [01;31m[Kerror: [m[Kâ€˜[01m[Kserver_[m[Kâ€™ does not name a type
[9.842s]    68 |   rclcpp::Service<myworkcell_core::srv::LocalizePart>::SharedPtr [01;31m[Kserver_[m[K;
[9.842s]       |                                                                  [01;31m[K^~~~~~~[m[K
[9.845s] [01m[K/home/stan/workspace/ws_ur_hv/src/workcell_core/src/vision_node.cpp:[m[K In constructor â€˜[01m[KLocalizer::Localizer()[m[Kâ€™:
[9.845s] [01m[K/home/stan/workspace/ws_ur_hv/src/workcell_core/src/vision_node.cpp:71:30:[m[K [01;35m[Kwarning: [m[Kâ€˜[01m[KLocalizer::listener_[m[Kâ€™ will be initialized after [[01;35m[K]8;;https://gcc.gnu.org/onlinedocs/gcc/Warning-Options.html#index-Wreorder-Wreorder]8;;[m[K]
[9.845s]    71 |   tf2_ros::TransformListener [01;35m[Klistener_[m[K;
[9.845s]       |                              [01;35m[K^~~~~~~~~[m[K
[9.846s] [01m[K/home/stan/workspace/ws_ur_hv/src/workcell_core/src/vision_node.cpp:69:47:[m[K [01;35m[Kwarning: [m[K  â€˜[01m[Kfake_ar_publisher::msg::ARMarker_<std::allocator<void> >::SharedPtr Localizer::last_msg_[m[Kâ€™ [[01;35m[K]8;;https://gcc.gnu.org/onlinedocs/gcc/Warning-Options.html#index-Wreorder-Wreorder]8;;[m[K]
[9.846s]    69 |   fake_ar_publisher::msg::ARMarker::SharedPtr [01;35m[Klast_msg_[m[K;
[9.846s]       |                                               [01;35m[K^~~~~~~~~[m[K
[9.846s] [01m[K/home/stan/workspace/ws_ur_hv/src/workcell_core/src/vision_node.cpp:19:3:[m[K [01;35m[Kwarning: [m[K  when initialized here [[01;35m[K]8;;https://gcc.gnu.org/onlinedocs/gcc/Warning-Options.html#index-Wreorder-Wreorder]8;;[m[K]
[9.846s]    19 |   [01;35m[KLocalizer[m[K() : Node("vision_node"),buffer_(this->get_clock()), listener_(buffer_),last_msg_{nullptr}
[9.846s]       |   [01;35m[K^~~~~~~~~[m[K
[9.860s] [01m[K/home/stan/workspace/ws_ur_hv/src/workcell_core/src/vision_node.cpp:26:5:[m[K [01;31m[Kerror: [m[Kâ€˜[01m[Kserver_[m[Kâ€™ was not declared in this scope
[9.860s]    26 |     [01;31m[Kserver_[m[K = this->create_service<myworkcell_core::srv::LocalizePart>(
[9.860s]       |     [01;31m[K^~~~~~~[m[K
[9.865s] [01m[K/home/stan/workspace/ws_ur_hv/src/workcell_core/src/vision_node.cpp:26:36:[m[K [01;31m[Kerror: [m[Kâ€˜[01m[Kmyworkcell_core[m[Kâ€™ was not declared in this scope; did you mean â€˜[01m[Kworkcell_core[m[Kâ€™?
[9.865s]    26 |     server_ = this->create_service<[01;31m[Kmyworkcell_core[m[K::srv::LocalizePart>(
[9.865s]       |                                    [01;31m[K^~~~~~~~~~~~~~~[m[K
[9.865s]       |                                    [32m[Kworkcell_core[m[K
[9.865s] [01m[K/home/stan/workspace/ws_ur_hv/src/workcell_core/src/vision_node.cpp:26:21:[m[K [01;31m[Kerror: [m[Kparse error in template argument list
[9.865s]    26 |     server_ = this->[01;31m[Kcreate_service<myworkcell_core::srv::LocalizePart>[m[K(
[9.865s]       |                     [01;31m[K^~~~~~~~~~~~~~~~~~~~~~~~~~~~~~~~~~~~~~~~~~~~~~~~~~[m[K
[9.866s] In file included from [01m[K/usr/include/c++/11/pstl/glue_algorithm_defs.h:13[m[K,
[9.866s]                  from [01m[K/usr/include/c++/11/algorithm:74[m[K,
[9.866s]                  from [01m[K/opt/ros/humble/include/rclcpp/rclcpp/executor.hpp:18[m[K,
[9.866s]                  from [01m[K/opt/ros/humble/include/rclcpp/rclcpp/executors/multi_threaded_executor.hpp:25[m[K,
[9.866s]                  from [01m[K/opt/ros/humble/include/rclcpp/rclcpp/executors.hpp:21[m[K,
[9.866s]                  from [01m[K/opt/ros/humble/include/rclcpp/rclcpp/rclcpp.hpp:155[m[K,
[9.866s]                  from [01m[K/home/stan/workspace/ws_ur_hv/src/workcell_core/src/vision_node.cpp:7[m[K:
[9.866s] /usr/include/c++/11/functional: In instantiation of â€˜[01m[Kstruct std::_Bind_check_arity<void (Localizer::*)(int), Localizer*, const std::_Placeholder<1>&, const std::_Placeholder<2>&>[m[Kâ€™:
[9.866s] [01m[K/usr/include/c++/11/functional:768:12:[m[K   required from â€˜[01m[Kstruct std::_Bind_helper<false, void (Localizer::*)(int), Localizer*, const std::_Placeholder<1>&, const std::_Placeholder<2>&>[m[Kâ€™
[9.867s] [01m[K/usr/include/c++/11/functional:789:5:[m[K   required by substitution of â€˜[01m[Ktemplate<class _Func, class ... _BoundArgs> typename std::_Bind_helper<std::__is_socketlike<_Func>::value, _Func, _BoundArgs ...>::type std::bind(_Func&&, _BoundArgs&& ...) [with _Func = void (Localizer::*)(int); _BoundArgs = {Localizer*, const std::_Placeholder<1>&, const std::_Placeholder<2>&}][m[Kâ€™
[9.867s] [01m[K/home/stan/workspace/ws_ur_hv/src/workcell_core/src/vision_node.cpp:28:18:[m[K   required from here
[9.867s] [01m[K/usr/include/c++/11/functional:756:21:[m[K [01;31m[Kerror: [m[Kstatic assertion failed: Wrong number of arguments for pointer-to-member
[9.867s]   755 |       static_assert(_Varargs::[01;31m[Kvalue[m[K
[9.867s]       |                               [01;31m[K~~~~~[m[K
[9.867s]   756 | [01;31m[K                    ? sizeof...(_BoundArgs) >= _Arity::value + 1[m[K
[9.867s]       |                     [01;31m[K^~~~~~~~~~~~~~~~~~~~~~~~~~~~~~~~~~~~~~~~~~~~[m[K
[9.867s]   757 | [01;31m[K                    : sizeof...(_BoundArgs) == _Arity::value + 1[m[K,
[9.867s]       |                     [01;31m[K~~~~~~~~~~~~~~~~~~~~~~~~~~~~~~~~~~~~~~~~~~~~[m[K
[9.868s] [01m[K/usr/include/c++/11/functional:756:21:[m[K [01;36m[Knote: [m[Kâ€˜[01m[K(false ? (3 >= (((long unsigned int)std::integral_constant<long unsigned int, 1>::value) + 1)) : (3 == (((long unsigned int)std::integral_constant<long unsigned int, 1>::value) + 1)))[m[Kâ€™ evaluates to false
[9.871s] [01m[K/home/stan/workspace/ws_ur_hv/src/workcell_core/src/vision_node.cpp:26:71:[m[K [01;31m[Kerror: [m[Kno matching function for call to â€˜[01m[KLocalizer::create_service<<expression error> >(const char [14], std::_Bind_helper<false, void (Localizer::*)(int), Localizer*, const std::_Placeholder<1>&, const std::_Placeholder<2>&>::type)[m[Kâ€™
[9.871s]    26 |     server_ = [01;31m[Kthis->create_service<myworkcell_core::srv::LocalizePart>([m[K
[9.871s]       |               [01;31m[K~~~~~~~~~~~~~~~~~~~~~~~~~~~~~~~~~~~~~~~~~~~~~~~~~~~~~~~~^[m[K
[9.871s]    27 | [01;31m[K        "localize_part",[m[K
[9.871s]       |         [01;31m[K~~~~~~~~~~~~~~~~[m[K                                               
[9.872s]    28 | [01;31m[K        std::bind(&Localizer::localizePart, this, std::placeholders::_1, std::placeholders::_2))[m[K;
[9.872s]       |         [01;31m[K~~~~~~~~~~~~~~~~~~~~~~~~~~~~~~~~~~~~~~~~~~~~~~~~~~~~~~~~~~~~~~~~~~~~~~~~~~~~~~~~~~~~~~~~[m[K
[9.872s] In file included from [01m[K/opt/ros/humble/include/rclcpp/rclcpp/executors/single_threaded_executor.hpp:28[m[K,
[9.872s]                  from [01m[K/opt/ros/humble/include/rclcpp/rclcpp/executors.hpp:22[m[K,
[9.872s]                  from [01m[K/opt/ros/humble/include/rclcpp/rclcpp/rclcpp.hpp:155[m[K,
[9.872s]                  from [01m[K/home/stan/workspace/ws_ur_hv/src/workcell_core/src/vision_node.cpp:7[m[K:
[9.872s] [01m[K/opt/ros/humble/include/rclcpp/rclcpp/node.hpp:267:3:[m[K [01;36m[Knote: [m[Kcandidate: â€˜[01m[Ktemplate<class ServiceT, class CallbackT> typename rclcpp::Service<ServiceT>::SharedPtr rclcpp::Node::create_service(const string&, CallbackT&&, const rmw_qos_profile_t&, rclcpp::CallbackGroup::SharedPtr)[m[Kâ€™
[9.872s]   267 |   [01;36m[Kcreate_service[m[K(
[9.872s]       |   [01;36m[K^~~~~~~~~~~~~~[m[K
[9.872s] [01m[K/opt/ros/humble/include/rclcpp/rclcpp/node.hpp:267:3:[m[K [01;36m[Knote: [m[K  template argument deduction/substitution failed:
[9.873s] [01m[K/home/stan/workspace/ws_ur_hv/src/workcell_core/src/vision_node.cpp:26:71:[m[K [01;31m[Kerror: [m[Ktemplate argument 1 is invalid
[9.873s]    26 |     server_ = [01;31m[Kthis->create_service<myworkcell_core::srv::LocalizePart>([m[K
[9.873s]       |               [01;31m[K~~~~~~~~~~~~~~~~~~~~~~~~~~~~~~~~~~~~~~~~~~~~~~~~~~~~~~~~^[m[K
[9.873s]    27 | [01;31m[K        "localize_part",[m[K
[9.873s]       |         [01;31m[K~~~~~~~~~~~~~~~~[m[K                                               
[9.873s]    28 | [01;31m[K        std::bind(&Localizer::localizePart, this, std::placeholders::_1, std::placeholders::_2))[m[K;
[9.873s]       |         [01;31m[K~~~~~~~~~~~~~~~~~~~~~~~~~~~~~~~~~~~~~~~~~~~~~~~~~~~~~~~~~~~~~~~~~~~~~~~~~~~~~~~~~~~~~~~~[m[K
[9.878s] [01m[K/home/stan/workspace/ws_ur_hv/src/workcell_core/src/vision_node.cpp:[m[K In member function â€˜[01m[Kvoid Localizer::localizePart(int)[m[Kâ€™:
[9.878s] [01m[K/home/stan/workspace/ws_ur_hv/src/workcell_core/src/vision_node.cpp:51:7:[m[K [01;31m[Kerror: [m[Kâ€˜[01m[Kres[m[Kâ€™ was not declared in this scope
[9.878s]    51 |       [01;31m[Kres[m[K->success = false;
[9.878s]       |       [01;31m[K^~~[m[K
[9.882s] [01m[K/home/stan/workspace/ws_ur_hv/src/workcell_core/src/vision_node.cpp:60:27:[m[K [01;31m[Kerror: [m[Kâ€˜[01m[Kreq[m[Kâ€™ was not declared in this scope
[9.882s]    60 |     target_pose_from_cam, [01;31m[Kreq[m[K->base_frame);
[9.882s]       |                           [01;31m[K^~~[m[K
[9.886s] [01m[K/home/stan/workspace/ws_ur_hv/src/workcell_core/src/vision_node.cpp:62:5:[m[K [01;31m[Kerror: [m[Kâ€˜[01m[Kres[m[Kâ€™ was not declared in this scope
[9.886s]    62 |     [01;31m[Kres[m[K->pose = target_pose_from_req.pose;
[9.886s]       |     [01;31m[K^~~[m[K
[9.886s] [01m[K/home/stan/workspace/ws_ur_hv/src/workcell_core/src/vision_node.cpp:42:66:[m[K [01;35m[Kwarning: [m[Kunused parameter â€˜[01m[KSharedPtr[m[Kâ€™ [[01;35m[K]8;;https://gcc.gnu.org/onlinedocs/gcc/Warning-Options.html#index-Wunused-parameter-Wunused-parameter]8;;[m[K]
[9.886s]    42 |   void localizePart([01;35m[Kmyworkcell_core::srv::LocalizePart::Request::SharedPtr[m[K req,
[9.886s]       |                     [01;35m[K~~~~~~~~~~~~~~~~~~~~~~~~~~~~~~~~~~~~~~~~~~~~~^~~~~~~~~[m[K
[12.493s] gmake[2]: *** [CMakeFiles/vision_node.dir/build.make:76: CMakeFiles/vision_node.dir/src/vision_node.cpp.o] Error 1
[12.493s] gmake[1]: *** [CMakeFiles/Makefile2:593: CMakeFiles/vision_node.dir/all] Error 2
[12.494s] gmake: *** [Makefile:146: all] Error 2
[12.500s] Invoked command in '/home/stan/workspace/ws_ur_hv/build/workcell_core' returned '2': AMENT_PREFIX_PATH=/home/stan/workspace/ws_ur_hv/install/fake_ar_publisher:${AMENT_PREFIX_PATH} CMAKE_PREFIX_PATH=/home/stan/workspace/ws_ur_hv/install/fake_ar_publisher:/opt/ros/humble LD_LIBRARY_PATH=/home/stan/workspace/ws_ur_hv/install/fake_ar_publisher/lib:${LD_LIBRARY_PATH} PYTHONPATH=/home/stan/workspace/ws_ur_hv/install/fake_ar_publisher/local/lib/python3.10/dist-packages:${PYTHONPATH} /home/stan/.local/bin/cmake --build /home/stan/workspace/ws_ur_hv/build/workcell_core -- -j12 -l12
