[  3%] Built target workcell_core__cpp
[ 12%] Built target workcell_core__rosidl_generator_c
[ 12%] Built target ament_cmake_python_copy_workcell_core
[ 21%] Built target workcell_core__rosidl_typesupport_introspection_cpp
[ 30%] Built target workcell_core__rosidl_typesupport_c
[ 39%] Built target workcell_core__rosidl_typesupport_introspection_c
[ 48%] Built target workcell_core__rosidl_typesupport_cpp
[ 57%] Built target workcell_core__rosidl_typesupport_fastrtps_c
[ 66%] Built target workcell_core__rosidl_typesupport_fastrtps_cpp
[ 66%] Built target workcell_core
[ 69%] [32mBuilding CXX object CMakeFiles/vision_node.dir/src/vision_node.cpp.o[0m
[ 72%] Built target workcell_core__py
[ 78%] Built target workcell_core__rosidl_generator_py
[ 90%] Built target workcell_core__rosidl_typesupport_introspection_c__pyext
[ 90%] Built target workcell_core__rosidl_typesupport_fastrtps_c__pyext
[ 96%] Built target workcell_core__rosidl_typesupport_c__pyext
[01m[K/home/stan/workspace/ws_ur_hv/src/workcell_core/src/vision_node.cpp:8:10:[m[K [01;31m[Kfatal error: [m[Kfake_ar_publisher/msg/ar_marker.hpp: No such file or directory
    8 | #include [01;31m[K<fake_ar_publisher/msg/ar_marker.hpp>[m[K
      |          [01;31m[K^~~~~~~~~~~~~~~~~~~~~~~~~~~~~~~~~~~~~[m[K
compilation terminated.
gmake[2]: *** [CMakeFiles/vision_node.dir/build.make:76: CMakeFiles/vision_node.dir/src/vision_node.cpp.o] Error 1
gmake[1]: *** [CMakeFiles/Makefile2:593: CMakeFiles/vision_node.dir/all] Error 2
gmake[1]: *** Waiting for unfinished jobs....
running egg_info
writing workcell_core.egg-info/PKG-INFO
writing dependency_links to workcell_core.egg-info/dependency_links.txt
writing top-level names to workcell_core.egg-info/top_level.txt
reading manifest file 'workcell_core.egg-info/SOURCES.txt'
writing manifest file 'workcell_core.egg-info/SOURCES.txt'
[ 96%] Built target ament_cmake_python_build_workcell_core_egg
gmake: *** [Makefile:146: all] Error 2
