[0.013s] Invoking command in '/home/stan/workspace/ws_ur_hv/build/ur_robot_driver': AMENT_PREFIX_PATH=/home/stan/workspace/ws_ur_hv/install/ur_controllers:/home/stan/workspace/ws_ur_hv/install/ur_description:/home/stan/workspace/ws_ur_hv/install/ur_dashboard_msgs:${AMENT_PREFIX_PATH} CMAKE_PREFIX_PATH=/home/stan/workspace/ws_ur_hv/install/ur_controllers:/home/stan/workspace/ws_ur_hv/install/ur_description:/home/stan/workspace/ws_ur_hv/install/ur_dashboard_msgs:/opt/ros/humble LD_LIBRARY_PATH=/home/stan/workspace/ws_ur_hv/install/ur_controllers/lib:/home/stan/workspace/ws_ur_hv/install/ur_dashboard_msgs/lib:${LD_LIBRARY_PATH} PYTHONPATH=/home/stan/workspace/ws_ur_hv/install/ur_dashboard_msgs/local/lib/python3.10/dist-packages:${PYTHONPATH} /home/stan/.local/bin/cmake /home/stan/workspace/ws_ur_hv/src/Universal_Robots_ROS2_Driver/ur_robot_driver -DCMAKE_BUILD_TYPE=Release -DAMENT_CMAKE_SYMLINK_INSTALL=1 -DCMAKE_INSTALL_PREFIX=/home/stan/workspace/ws_ur_hv/install/ur_robot_driver
[0.052s] -- Found ament_cmake: 1.3.5 (/opt/ros/humble/share/ament_cmake/cmake)
[0.169s] -- Override CMake install command with custom implementation using symlinks instead of copying resources
[0.178s] -- Found controller_manager: 2.28.0 (/opt/ros/humble/share/controller_manager/cmake)
[0.220s] -- Found rosidl_generator_c: 3.1.4 (/opt/ros/humble/share/rosidl_generator_c/cmake)
[0.224s] -- Found rosidl_adapter: 3.1.4 (/opt/ros/humble/share/rosidl_adapter/cmake)
[0.233s] -- Found rosidl_generator_cpp: 3.1.4 (/opt/ros/humble/share/rosidl_generator_cpp/cmake)
[0.254s] -- Using all available rosidl_typesupport_c: rosidl_typesupport_fastrtps_c;rosidl_typesupport_introspection_c
[0.277s] -- Using all available rosidl_typesupport_cpp: rosidl_typesupport_fastrtps_cpp;rosidl_typesupport_introspection_cpp
[1.088s] -- Found rmw_implementation_cmake: 6.1.1 (/opt/ros/humble/share/rmw_implementation_cmake/cmake)
[1.090s] -- Found rmw_fastrtps_cpp: 6.2.2 (/opt/ros/humble/share/rmw_fastrtps_cpp/cmake)
[1.264s] -- Using RMW implementation 'rmw_fastrtps_cpp' as default
[1.975s] -- Found rclpy: 3.3.8 (/opt/ros/humble/share/rclpy/cmake)
[1.975s] -- Found std_srvs: 4.2.3 (/opt/ros/humble/share/std_srvs/cmake)
[1.997s] -- Found tf2_geometry_msgs: 0.25.2 (/opt/ros/humble/share/tf2_geometry_msgs/cmake)
[2.002s] -- Found eigen3_cmake_module: 0.1.1 (/opt/ros/humble/share/eigen3_cmake_module/cmake)
[2.004s] -- Ensuring Eigen3 include directory is part of orocos-kdl CMake target
[2.305s] -- Found ur_dashboard_msgs: 2.2.6 (/home/stan/workspace/ws_ur_hv/install/ur_dashboard_msgs/share/ur_dashboard_msgs/cmake)
[4.150s] -- Found ur_controllers: 2.2.6 (/home/stan/workspace/ws_ur_hv/install/ur_controllers/share/ur_controllers/cmake)
[4.426s] -- Found parameter_traits: 0.3.3 (/opt/ros/humble/share/parameter_traits/cmake)
[5.016s] -- Found ur_description: 2.0.1 (/home/stan/workspace/ws_ur_hv/install/ur_description/share/ur_description/cmake)
[5.017s] -- Found launch_testing_ament_cmake: 1.0.4 (/opt/ros/humble/share/launch_testing_ament_cmake/cmake)
[5.017s] -- Found python_cmake_module: 0.10.0 (/opt/ros/humble/share/python_cmake_module/cmake)
[5.046s] -- Using PYTHON_EXECUTABLE: /usr/bin/python3
[5.046s] -- Using PYTHON_INCLUDE_DIRS: /usr/include/python3.10
[5.046s] -- Using PYTHON_LIBRARIES: /usr/lib/x86_64-linux-gnu/libpython3.10.so
[5.048s] -- Configuring done (5.0s)
[5.186s] -- Generating done (0.1s)
[5.189s] -- Build files have been written to: /home/stan/workspace/ws_ur_hv/build/ur_robot_driver
[5.206s] Invoked command in '/home/stan/workspace/ws_ur_hv/build/ur_robot_driver' returned '0': AMENT_PREFIX_PATH=/home/stan/workspace/ws_ur_hv/install/ur_controllers:/home/stan/workspace/ws_ur_hv/install/ur_description:/home/stan/workspace/ws_ur_hv/install/ur_dashboard_msgs:${AMENT_PREFIX_PATH} CMAKE_PREFIX_PATH=/home/stan/workspace/ws_ur_hv/install/ur_controllers:/home/stan/workspace/ws_ur_hv/install/ur_description:/home/stan/workspace/ws_ur_hv/install/ur_dashboard_msgs:/opt/ros/humble LD_LIBRARY_PATH=/home/stan/workspace/ws_ur_hv/install/ur_controllers/lib:/home/stan/workspace/ws_ur_hv/install/ur_dashboard_msgs/lib:${LD_LIBRARY_PATH} PYTHONPATH=/home/stan/workspace/ws_ur_hv/install/ur_dashboard_msgs/local/lib/python3.10/dist-packages:${PYTHONPATH} /home/stan/.local/bin/cmake /home/stan/workspace/ws_ur_hv/src/Universal_Robots_ROS2_Driver/ur_robot_driver -DCMAKE_BUILD_TYPE=Release -DAMENT_CMAKE_SYMLINK_INSTALL=1 -DCMAKE_INSTALL_PREFIX=/home/stan/workspace/ws_ur_hv/install/ur_robot_driver
[5.211s] Invoking command in '/home/stan/workspace/ws_ur_hv/build/ur_robot_driver': AMENT_PREFIX_PATH=/home/stan/workspace/ws_ur_hv/install/ur_controllers:/home/stan/workspace/ws_ur_hv/install/ur_description:/home/stan/workspace/ws_ur_hv/install/ur_dashboard_msgs:${AMENT_PREFIX_PATH} CMAKE_PREFIX_PATH=/home/stan/workspace/ws_ur_hv/install/ur_controllers:/home/stan/workspace/ws_ur_hv/install/ur_description:/home/stan/workspace/ws_ur_hv/install/ur_dashboard_msgs:/opt/ros/humble LD_LIBRARY_PATH=/home/stan/workspace/ws_ur_hv/install/ur_controllers/lib:/home/stan/workspace/ws_ur_hv/install/ur_dashboard_msgs/lib:${LD_LIBRARY_PATH} PYTHONPATH=/home/stan/workspace/ws_ur_hv/install/ur_dashboard_msgs/local/lib/python3.10/dist-packages:${PYTHONPATH} /home/stan/.local/bin/cmake --build /home/stan/workspace/ws_ur_hv/build/ur_robot_driver -- -j12 -l12
[5.266s] failed to create symbolic link '/home/stan/workspace/ws_ur_hv/build/ur_robot_driver/ament_cmake_python/ur_robot_driver/ur_robot_driver' because existing path cannot be removed: Is a directory
[5.266s] gmake[2]: *** [CMakeFiles/ament_cmake_python_symlink_ur_robot_driver.dir/build.make:70: CMakeFiles/ament_cmake_python_symlink_ur_robot_driver] Error 1
[5.266s] gmake[1]: *** [CMakeFiles/Makefile2:250: CMakeFiles/ament_cmake_python_symlink_ur_robot_driver.dir/all] Error 2
[5.266s] gmake[1]: *** Waiting for unfinished jobs....
[5.283s] [ 15%] [32m[1mLinking CXX executable controller_stopper_node[0m
[5.283s] [ 15%] [32m[1mLinking CXX executable ur_ros2_control_node[0m
[5.284s] [ 23%] [32mBuilding CXX object CMakeFiles/dashboard_client.dir/src/dashboard_client_ros.cpp.o[0m
[5.285s] [ 30%] [32mBuilding CXX object CMakeFiles/dashboard_client.dir/src/dashboard_client_node.cpp.o[0m
[5.288s] [ 38%] [32mBuilding CXX object CMakeFiles/ur_robot_driver_plugin.dir/src/dashboard_client_ros.cpp.o[0m
[5.293s] [ 46%] [32mBuilding CXX object CMakeFiles/ur_robot_driver_plugin.dir/src/hardware_interface.cpp.o[0m
[5.550s] [ 53%] Built target ur_ros2_control_node
[5.700s] [ 69%] Built target controller_stopper_node
[22.305s] [ 76%] [32m[1mLinking CXX shared library libur_robot_driver_plugin.so[0m
[22.421s] [ 84%] [32m[1mLinking CXX executable dashboard_client[0m
[22.638s] [ 92%] Built target ur_robot_driver_plugin
[22.708s] [100%] Built target dashboard_client
[22.708s] gmake: *** [Makefile:146: all] Error 2
[22.715s] Invoked command in '/home/stan/workspace/ws_ur_hv/build/ur_robot_driver' returned '2': AMENT_PREFIX_PATH=/home/stan/workspace/ws_ur_hv/install/ur_controllers:/home/stan/workspace/ws_ur_hv/install/ur_description:/home/stan/workspace/ws_ur_hv/install/ur_dashboard_msgs:${AMENT_PREFIX_PATH} CMAKE_PREFIX_PATH=/home/stan/workspace/ws_ur_hv/install/ur_controllers:/home/stan/workspace/ws_ur_hv/install/ur_description:/home/stan/workspace/ws_ur_hv/install/ur_dashboard_msgs:/opt/ros/humble LD_LIBRARY_PATH=/home/stan/workspace/ws_ur_hv/install/ur_controllers/lib:/home/stan/workspace/ws_ur_hv/install/ur_dashboard_msgs/lib:${LD_LIBRARY_PATH} PYTHONPATH=/home/stan/workspace/ws_ur_hv/install/ur_dashboard_msgs/local/lib/python3.10/dist-packages:${PYTHONPATH} /home/stan/.local/bin/cmake --build /home/stan/workspace/ws_ur_hv/build/ur_robot_driver -- -j12 -l12
