[0.039s] Invoking command in '/home/stan/workspace/ws_ur_hv/build/workcell_core': CMAKE_PREFIX_PATH=/opt/ros/humble /home/stan/.local/bin/cmake --build /home/stan/workspace/ws_ur_hv/build/workcell_core -- -j12 -l12
[0.115s] [  3%] Built target workcell_core__cpp
[0.133s] [ 12%] Built target workcell_core__rosidl_generator_c
[0.143s] [ 21%] Built target workcell_core__rosidl_typesupport_cpp
[0.144s] [ 21%] Built target ament_cmake_python_copy_workcell_core
[0.150s] [ 39%] Built target workcell_core__rosidl_typesupport_introspection_cpp
[0.150s] [ 39%] Built target workcell_core__rosidl_typesupport_fastrtps_cpp
[0.162s] [ 48%] Built target workcell_core__rosidl_typesupport_fastrtps_c
[0.163s] [ 57%] Built target workcell_core__rosidl_typesupport_introspection_c
[0.164s] [ 66%] Built target workcell_core__rosidl_typesupport_c
[0.177s] [ 66%] Built target workcell_core
[0.178s] [ 69%] [32mBuilding CXX object CMakeFiles/vision_node.dir/src/vision_node.cpp.o[0m
[0.203s] [ 72%] Built target workcell_core__py
[0.225s] [ 78%] Built target workcell_core__rosidl_generator_py
[0.246s] [ 84%] Built target workcell_core__rosidl_typesupport_fastrtps_c__pyext
[0.262s] [ 90%] Built target workcell_core__rosidl_typesupport_c__pyext
[0.287s] [ 96%] Built target workcell_core__rosidl_typesupport_introspection_c__pyext
[0.633s] running egg_info
[0.634s] writing workcell_core.egg-info/PKG-INFO
[0.634s] writing dependency_links to workcell_core.egg-info/dependency_links.txt
[0.635s] writing top-level names to workcell_core.egg-info/top_level.txt
[0.641s] reading manifest file 'workcell_core.egg-info/SOURCES.txt'
[0.643s] writing manifest file 'workcell_core.egg-info/SOURCES.txt'
[0.687s] [ 96%] Built target ament_cmake_python_build_workcell_core_egg
[3.768s] [01m[K/home/stan/workspace/ws_ur_hv/src/workcell_core/src/vision_node.cpp:31:23:[m[K [01;31m[Kerror: [m[Kâ€˜[01m[Kfake_ar_publisher[m[Kâ€™ has not been declared
[3.768s]    31 |   void visionCallback([01;31m[Kfake_ar_publisher[m[K::msg::ARMarker::SharedPtr msg)
[3.768s]       |                       [01;31m[K^~~~~~~~~~~~~~~~~[m[K
[3.769s] [01m[K/home/stan/workspace/ws_ur_hv/src/workcell_core/src/vision_node.cpp:31:67:[m[K [01;31m[Kerror: [m[Kexpected â€˜[01m[K,[m[Kâ€™ or â€˜[01m[K...[m[Kâ€™ before â€˜[01m[Kmsg[m[Kâ€™
[3.769s]    31 |   void visionCallback(fake_ar_publisher::msg::ARMarker::SharedPtr [01;31m[Kmsg[m[K)
[3.769s]       |                                                                   [01;31m[K^~~[m[K
[3.769s] [01m[K/home/stan/workspace/ws_ur_hv/src/workcell_core/src/vision_node.cpp:42:21:[m[K [01;31m[Kerror: [m[Kâ€˜[01m[Kmyworkcell_core[m[Kâ€™ has not been declared
[3.769s]    42 |   void localizePart([01;31m[Kmyworkcell_core[m[K::srv::LocalizePart::Request::SharedPtr req,
[3.769s]       |                     [01;31m[K^~~~~~~~~~~~~~~[m[K
[3.769s] [01m[K/home/stan/workspace/ws_ur_hv/src/workcell_core/src/vision_node.cpp:42:76:[m[K [01;31m[Kerror: [m[Kexpected â€˜[01m[K,[m[Kâ€™ or â€˜[01m[K...[m[Kâ€™ before â€˜[01m[Kreq[m[Kâ€™
[3.770s]    42 |   void localizePart(myworkcell_core::srv::LocalizePart::Request::SharedPtr [01;31m[Kreq[m[K,
[3.770s]       |                                                                            [01;31m[K^~~[m[K
[3.781s] [01m[K/home/stan/workspace/ws_ur_hv/src/workcell_core/src/vision_node.cpp:67:24:[m[K [01;31m[Kerror: [m[Kâ€˜[01m[Kfake_ar_publisher[m[Kâ€™ was not declared in this scope
[3.782s]    67 |   rclcpp::Subscription<[01;31m[Kfake_ar_publisher[m[K::msg::ARMarker>::SharedPtr ar_sub_;
[3.782s]       |                        [01;31m[K^~~~~~~~~~~~~~~~~[m[K
[3.782s] [01m[K/home/stan/workspace/ws_ur_hv/src/workcell_core/src/vision_node.cpp:67:56:[m[K [01;31m[Kerror: [m[Ktemplate argument 1 is invalid
[3.782s]    67 |   rclcpp::Subscription<fake_ar_publisher::msg::ARMarker[01;31m[K>[m[K::SharedPtr ar_sub_;
[3.782s]       |                                                        [01;31m[K^[m[K
[3.782s] [01m[K/home/stan/workspace/ws_ur_hv/src/workcell_core/src/vision_node.cpp:67:56:[m[K [01;31m[Kerror: [m[Ktemplate argument 3 is invalid
[3.782s] [01m[K/home/stan/workspace/ws_ur_hv/src/workcell_core/src/vision_node.cpp:67:56:[m[K [01;31m[Kerror: [m[Ktemplate argument 4 is invalid
[3.783s] [01m[K/home/stan/workspace/ws_ur_hv/src/workcell_core/src/vision_node.cpp:67:56:[m[K [01;31m[Kerror: [m[Ktemplate argument 5 is invalid
[3.783s] [01m[K/home/stan/workspace/ws_ur_hv/src/workcell_core/src/vision_node.cpp:67:59:[m[K [01;31m[Kerror: [m[Kexpected â€˜[01m[K;[m[Kâ€™ at end of member declaration
[3.783s]    67 |   rclcpp::Subscription<fake_ar_publisher::msg::ARMarker>::[01;31m[KSharedPtr[m[K ar_sub_;
[3.783s]       |                                                           [01;31m[K^~~~~~~~~[m[K
[3.783s]       |                                                                    [32m[K;[m[K
[3.783s] [01m[K/home/stan/workspace/ws_ur_hv/src/workcell_core/src/vision_node.cpp:67:69:[m[K [01;31m[Kerror: [m[Kâ€˜[01m[Kar_sub_[m[Kâ€™ does not name a type
[3.783s]    67 |   rclcpp::Subscription<fake_ar_publisher::msg::ARMarker>::SharedPtr [01;31m[Kar_sub_[m[K;
[3.784s]       |                                                                     [01;31m[K^~~~~~~[m[K
[3.789s] [01m[K/home/stan/workspace/ws_ur_hv/src/workcell_core/src/vision_node.cpp:68:19:[m[K [01;31m[Kerror: [m[Kâ€˜[01m[Kmyworkcell_core[m[Kâ€™ was not declared in this scope; did you mean â€˜[01m[Kworkcell_core[m[Kâ€™?
[3.789s]    68 |   rclcpp::Service<[01;31m[Kmyworkcell_core[m[K::srv::LocalizePart>::SharedPtr server_;
[3.789s]       |                   [01;31m[K^~~~~~~~~~~~~~~[m[K
[3.789s]       |                   [32m[Kworkcell_core[m[K
[3.789s] [01m[K/home/stan/workspace/ws_ur_hv/src/workcell_core/src/vision_node.cpp:68:53:[m[K [01;31m[Kerror: [m[Ktemplate argument 1 is invalid
[3.789s]    68 |   rclcpp::Service<myworkcell_core::srv::LocalizePart[01;31m[K>[m[K::SharedPtr server_;
[3.789s]       |                                                     [01;31m[K^[m[K
[3.790s] [01m[K/home/stan/workspace/ws_ur_hv/src/workcell_core/src/vision_node.cpp:68:56:[m[K [01;31m[Kerror: [m[Kexpected â€˜[01m[K;[m[Kâ€™ at end of member declaration
[3.790s]    68 |   rclcpp::Service<myworkcell_core::srv::LocalizePart>::[01;31m[KSharedPtr[m[K server_;
[3.790s]       |                                                        [01;31m[K^~~~~~~~~[m[K
[3.790s]       |                                                                 [32m[K;[m[K
[3.790s] [01m[K/home/stan/workspace/ws_ur_hv/src/workcell_core/src/vision_node.cpp:68:56:[m[K [01;31m[Kerror: [m[Kredeclaration of â€˜[01m[Kint Localizer::SharedPtr[m[Kâ€™
[3.790s] [01m[K/home/stan/workspace/ws_ur_hv/src/workcell_core/src/vision_node.cpp:67:59:[m[K [01;36m[Knote: [m[Kprevious declaration â€˜[01m[Kint Localizer::SharedPtr[m[Kâ€™
[3.791s]    67 |   rclcpp::Subscription<fake_ar_publisher::msg::ARMarker>::[01;36m[KSharedPtr[m[K ar_sub_;
[3.791s]       |                                                           [01;36m[K^~~~~~~~~[m[K
[3.791s] [01m[K/home/stan/workspace/ws_ur_hv/src/workcell_core/src/vision_node.cpp:68:66:[m[K [01;31m[Kerror: [m[Kâ€˜[01m[Kserver_[m[Kâ€™ does not name a type
[3.791s]    68 |   rclcpp::Service<myworkcell_core::srv::LocalizePart>::SharedPtr [01;31m[Kserver_[m[K;
[3.791s]       |                                                                  [01;31m[K^~~~~~~[m[K
[3.793s] [01m[K/home/stan/workspace/ws_ur_hv/src/workcell_core/src/vision_node.cpp:69:3:[m[K [01;31m[Kerror: [m[Kâ€˜[01m[Kfake_ar_publisher[m[Kâ€™ does not name a type
[3.793s]    69 |   [01;31m[Kfake_ar_publisher[m[K::msg::ARMarker::SharedPtr last_msg_;
[3.793s]       |   [01;31m[K^~~~~~~~~~~~~~~~~[m[K
[3.794s] [01m[K/home/stan/workspace/ws_ur_hv/src/workcell_core/src/vision_node.cpp:[m[K In constructor â€˜[01m[KLocalizer::Localizer()[m[Kâ€™:
[3.794s] [01m[K/home/stan/workspace/ws_ur_hv/src/workcell_core/src/vision_node.cpp:19:84:[m[K [01;31m[Kerror: [m[Kclass â€˜[01m[KLocalizer[m[Kâ€™ does not have any field named â€˜[01m[Klast_msg_[m[Kâ€™
[3.794s]    19 |   Localizer() : Node("vision_node"),buffer_(this->get_clock()), listener_(buffer_),[01;31m[Klast_msg_[m[K{nullptr}
[3.794s]       |                                                                                    [01;31m[K^~~~~~~~~[m[K
[3.800s] [01m[K/home/stan/workspace/ws_ur_hv/src/workcell_core/src/vision_node.cpp:21:5:[m[K [01;31m[Kerror: [m[Kâ€˜[01m[Kar_sub_[m[Kâ€™ was not declared in this scope
[3.800s]    21 |     [01;31m[Kar_sub_[m[K = this->create_subscription<fake_ar_publisher::msg::ARMarker>(
[3.800s]       |     [01;31m[K^~~~~~~[m[K
[3.816s] [01m[K/home/stan/workspace/ws_ur_hv/src/workcell_core/src/vision_node.cpp:21:41:[m[K [01;31m[Kerror: [m[Kâ€˜[01m[Kfake_ar_publisher[m[Kâ€™ was not declared in this scope
[3.816s]    21 |     ar_sub_ = this->create_subscription<[01;31m[Kfake_ar_publisher[m[K::msg::ARMarker>(
[3.817s]       |                                         [01;31m[K^~~~~~~~~~~~~~~~~[m[K
[3.817s] [01m[K/home/stan/workspace/ws_ur_hv/src/workcell_core/src/vision_node.cpp:21:21:[m[K [01;31m[Kerror: [m[Kparse error in template argument list
[3.817s]    21 |     ar_sub_ = this->[01;31m[Kcreate_subscription<fake_ar_publisher::msg::ARMarker>[m[K(
[3.817s]       |                     [01;31m[K^~~~~~~~~~~~~~~~~~~~~~~~~~~~~~~~~~~~~~~~~~~~~~~~~~~~~[m[K
[3.825s] [01m[K/home/stan/workspace/ws_ur_hv/src/workcell_core/src/vision_node.cpp:21:74:[m[K [01;31m[Kerror: [m[Kno matching function for call to â€˜[01m[KLocalizer::create_subscription<<expression error> >(const char [15], rclcpp::QoS, std::_Bind_helper<false, void (Localizer::*)(int), Localizer*, const std::_Placeholder<1>&>::type)[m[Kâ€™
[3.825s]    21 |     ar_sub_ = [01;31m[Kthis->create_subscription<fake_ar_publisher::msg::ARMarker>([m[K
[3.825s]       |               [01;31m[K~~~~~~~~~~~~~~~~~~~~~~~~~~~~~~~~~~~~~~~~~~~~~~~~~~~~~~~~~~~^[m[K
[3.825s]    22 | [01;31m[K        "ar_pose_marker",[m[K
[3.826s]       |         [01;31m[K~~~~~~~~~~~~~~~~~[m[K                                                 
[3.826s]    23 | [01;31m[K        rclcpp::QoS(1),[m[K
[3.826s]       |         [01;31m[K~~~~~~~~~~~~~~~[m[K                                                   
[3.826s]    24 | [01;31m[K        std::bind(&Localizer::visionCallback, this, std::placeholders::_1))[m[K;
[3.826s]       |         [01;31m[K~~~~~~~~~~~~~~~~~~~~~~~~~~~~~~~~~~~~~~~~~~~~~~~~~~~~~~~~~~~~~~~~~~~[m[K
[3.826s] In file included from [01m[K/opt/ros/humble/include/rclcpp/rclcpp/executors/single_threaded_executor.hpp:28[m[K,
[3.826s]                  from [01m[K/opt/ros/humble/include/rclcpp/rclcpp/executors.hpp:22[m[K,
[3.827s]                  from [01m[K/opt/ros/humble/include/rclcpp/rclcpp/rclcpp.hpp:155[m[K,
[3.827s]                  from [01m[K/home/stan/workspace/ws_ur_hv/src/workcell_core/src/vision_node.cpp:7[m[K:
[3.827s] [01m[K/opt/ros/humble/include/rclcpp/rclcpp/node.hpp:219:3:[m[K [01;36m[Knote: [m[Kcandidate: â€˜[01m[Ktemplate<class MessageT, class CallbackT, class AllocatorT, class SubscriptionT, class MessageMemoryStrategyT> std::shared_ptr<ROSMessageT> rclcpp::Node::create_subscription(const string&, const rclcpp::QoS&, CallbackT&&, const rclcpp::SubscriptionOptionsWithAllocator<AllocatorT>&, typename MessageMemoryStrategyT::SharedPtr)[m[Kâ€™
[3.827s]   219 |   [01;36m[Kcreate_subscription[m[K(
[3.827s]       |   [01;36m[K^~~~~~~~~~~~~~~~~~~[m[K
[3.827s] [01m[K/opt/ros/humble/include/rclcpp/rclcpp/node.hpp:219:3:[m[K [01;36m[Knote: [m[K  template argument deduction/substitution failed:
[3.827s] [01m[K/home/stan/workspace/ws_ur_hv/src/workcell_core/src/vision_node.cpp:21:74:[m[K [01;31m[Kerror: [m[Ktemplate argument 1 is invalid
[3.828s]    21 |     ar_sub_ = [01;31m[Kthis->create_subscription<fake_ar_publisher::msg::ARMarker>([m[K
[3.828s]       |               [01;31m[K~~~~~~~~~~~~~~~~~~~~~~~~~~~~~~~~~~~~~~~~~~~~~~~~~~~~~~~~~~~^[m[K
[3.828s]    22 | [01;31m[K        "ar_pose_marker",[m[K
[3.828s]       |         [01;31m[K~~~~~~~~~~~~~~~~~[m[K                                                 
[3.828s]    23 | [01;31m[K        rclcpp::QoS(1),[m[K
[3.828s]       |         [01;31m[K~~~~~~~~~~~~~~~[m[K                                                   
[3.828s]    24 | [01;31m[K        std::bind(&Localizer::visionCallback, this, std::placeholders::_1))[m[K;
[3.828s]       |         [01;31m[K~~~~~~~~~~~~~~~~~~~~~~~~~~~~~~~~~~~~~~~~~~~~~~~~~~~~~~~~~~~~~~~~~~~[m[K
[3.837s] [01m[K/home/stan/workspace/ws_ur_hv/src/workcell_core/src/vision_node.cpp:26:5:[m[K [01;31m[Kerror: [m[Kâ€˜[01m[Kserver_[m[Kâ€™ was not declared in this scope
[3.838s]    26 |     [01;31m[Kserver_[m[K = this->create_service<myworkcell_core::srv::LocalizePart>(
[3.838s]       |     [01;31m[K^~~~~~~[m[K
[3.843s] [01m[K/home/stan/workspace/ws_ur_hv/src/workcell_core/src/vision_node.cpp:26:36:[m[K [01;31m[Kerror: [m[Kâ€˜[01m[Kmyworkcell_core[m[Kâ€™ was not declared in this scope; did you mean â€˜[01m[Kworkcell_core[m[Kâ€™?
[3.843s]    26 |     server_ = this->create_service<[01;31m[Kmyworkcell_core[m[K::srv::LocalizePart>(
[3.843s]       |                                    [01;31m[K^~~~~~~~~~~~~~~[m[K
[3.843s]       |                                    [32m[Kworkcell_core[m[K
[3.843s] [01m[K/home/stan/workspace/ws_ur_hv/src/workcell_core/src/vision_node.cpp:26:21:[m[K [01;31m[Kerror: [m[Kparse error in template argument list
[3.843s]    26 |     server_ = this->[01;31m[Kcreate_service<myworkcell_core::srv::LocalizePart>[m[K(
[3.844s]       |                     [01;31m[K^~~~~~~~~~~~~~~~~~~~~~~~~~~~~~~~~~~~~~~~~~~~~~~~~~[m[K
[3.844s] In file included from [01m[K/usr/include/c++/11/pstl/glue_algorithm_defs.h:13[m[K,
[3.844s]                  from [01m[K/usr/include/c++/11/algorithm:74[m[K,
[3.844s]                  from [01m[K/opt/ros/humble/include/rclcpp/rclcpp/executor.hpp:18[m[K,
[3.845s]                  from [01m[K/opt/ros/humble/include/rclcpp/rclcpp/executors/multi_threaded_executor.hpp:25[m[K,
[3.845s]                  from [01m[K/opt/ros/humble/include/rclcpp/rclcpp/executors.hpp:21[m[K,
[3.845s]                  from [01m[K/opt/ros/humble/include/rclcpp/rclcpp/rclcpp.hpp:155[m[K,
[3.845s]                  from [01m[K/home/stan/workspace/ws_ur_hv/src/workcell_core/src/vision_node.cpp:7[m[K:
[3.845s] /usr/include/c++/11/functional: In instantiation of â€˜[01m[Kstruct std::_Bind_check_arity<void (Localizer::*)(int), Localizer*, const std::_Placeholder<1>&, const std::_Placeholder<2>&>[m[Kâ€™:
[3.845s] [01m[K/usr/include/c++/11/functional:768:12:[m[K   required from â€˜[01m[Kstruct std::_Bind_helper<false, void (Localizer::*)(int), Localizer*, const std::_Placeholder<1>&, const std::_Placeholder<2>&>[m[Kâ€™
[3.845s] [01m[K/usr/include/c++/11/functional:789:5:[m[K   required by substitution of â€˜[01m[Ktemplate<class _Func, class ... _BoundArgs> typename std::_Bind_helper<std::__is_socketlike<_Func>::value, _Func, _BoundArgs ...>::type std::bind(_Func&&, _BoundArgs&& ...) [with _Func = void (Localizer::*)(int); _BoundArgs = {Localizer*, const std::_Placeholder<1>&, const std::_Placeholder<2>&}][m[Kâ€™
[3.846s] [01m[K/home/stan/workspace/ws_ur_hv/src/workcell_core/src/vision_node.cpp:28:18:[m[K   required from here
[3.846s] [01m[K/usr/include/c++/11/functional:756:21:[m[K [01;31m[Kerror: [m[Kstatic assertion failed: Wrong number of arguments for pointer-to-member
[3.846s]   755 |       static_assert(_Varargs::[01;31m[Kvalue[m[K
[3.846s]       |                               [01;31m[K~~~~~[m[K
[3.846s]   756 | [01;31m[K                    ? sizeof...(_BoundArgs) >= _Arity::value + 1[m[K
[3.846s]       |                     [01;31m[K^~~~~~~~~~~~~~~~~~~~~~~~~~~~~~~~~~~~~~~~~~~~[m[K
[3.846s]   757 | [01;31m[K                    : sizeof...(_BoundArgs) == _Arity::value + 1[m[K,
[3.846s]       |                     [01;31m[K~~~~~~~~~~~~~~~~~~~~~~~~~~~~~~~~~~~~~~~~~~~~[m[K
[3.847s] [01m[K/usr/include/c++/11/functional:756:21:[m[K [01;36m[Knote: [m[Kâ€˜[01m[K(false ? (3 >= (((long unsigned int)std::integral_constant<long unsigned int, 1>::value) + 1)) : (3 == (((long unsigned int)std::integral_constant<long unsigned int, 1>::value) + 1)))[m[Kâ€™ evaluates to false
[3.851s] [01m[K/home/stan/workspace/ws_ur_hv/src/workcell_core/src/vision_node.cpp:26:71:[m[K [01;31m[Kerror: [m[Kno matching function for call to â€˜[01m[KLocalizer::create_service<<expression error> >(const char [14], std::_Bind_helper<false, void (Localizer::*)(int), Localizer*, const std::_Placeholder<1>&, const std::_Placeholder<2>&>::type)[m[Kâ€™
[3.851s]    26 |     server_ = [01;31m[Kthis->create_service<myworkcell_core::srv::LocalizePart>([m[K
[3.852s]       |               [01;31m[K~~~~~~~~~~~~~~~~~~~~~~~~~~~~~~~~~~~~~~~~~~~~~~~~~~~~~~~~^[m[K
[3.852s]    27 | [01;31m[K        "localize_part",[m[K
[3.852s]       |         [01;31m[K~~~~~~~~~~~~~~~~[m[K                                               
[3.852s]    28 | [01;31m[K        std::bind(&Localizer::localizePart, this, std::placeholders::_1, std::placeholders::_2))[m[K;
[3.852s]       |         [01;31m[K~~~~~~~~~~~~~~~~~~~~~~~~~~~~~~~~~~~~~~~~~~~~~~~~~~~~~~~~~~~~~~~~~~~~~~~~~~~~~~~~~~~~~~~~[m[K
[3.852s] In file included from [01m[K/opt/ros/humble/include/rclcpp/rclcpp/executors/single_threaded_executor.hpp:28[m[K,
[3.852s]                  from [01m[K/opt/ros/humble/include/rclcpp/rclcpp/executors.hpp:22[m[K,
[3.853s]                  from [01m[K/opt/ros/humble/include/rclcpp/rclcpp/rclcpp.hpp:155[m[K,
[3.853s]                  from [01m[K/home/stan/workspace/ws_ur_hv/src/workcell_core/src/vision_node.cpp:7[m[K:
[3.853s] [01m[K/opt/ros/humble/include/rclcpp/rclcpp/node.hpp:267:3:[m[K [01;36m[Knote: [m[Kcandidate: â€˜[01m[Ktemplate<class ServiceT, class CallbackT> typename rclcpp::Service<ServiceT>::SharedPtr rclcpp::Node::create_service(const string&, CallbackT&&, const rmw_qos_profile_t&, rclcpp::CallbackGroup::SharedPtr)[m[Kâ€™
[3.853s]   267 |   [01;36m[Kcreate_service[m[K(
[3.853s]       |   [01;36m[K^~~~~~~~~~~~~~[m[K
[3.853s] [01m[K/opt/ros/humble/include/rclcpp/rclcpp/node.hpp:267:3:[m[K [01;36m[Knote: [m[K  template argument deduction/substitution failed:
[3.853s] [01m[K/home/stan/workspace/ws_ur_hv/src/workcell_core/src/vision_node.cpp:26:71:[m[K [01;31m[Kerror: [m[Ktemplate argument 1 is invalid
[3.854s]    26 |     server_ = [01;31m[Kthis->create_service<myworkcell_core::srv::LocalizePart>([m[K
[3.854s]       |               [01;31m[K~~~~~~~~~~~~~~~~~~~~~~~~~~~~~~~~~~~~~~~~~~~~~~~~~~~~~~~~^[m[K
[3.854s]    27 | [01;31m[K        "localize_part",[m[K
[3.854s]       |         [01;31m[K~~~~~~~~~~~~~~~~[m[K                                               
[3.854s]    28 | [01;31m[K        std::bind(&Localizer::localizePart, this, std::placeholders::_1, std::placeholders::_2))[m[K;
[3.854s]       |         [01;31m[K~~~~~~~~~~~~~~~~~~~~~~~~~~~~~~~~~~~~~~~~~~~~~~~~~~~~~~~~~~~~~~~~~~~~~~~~~~~~~~~~~~~~~~~~[m[K
[3.862s] [01m[K/home/stan/workspace/ws_ur_hv/src/workcell_core/src/vision_node.cpp:[m[K In member function â€˜[01m[Kvoid Localizer::visionCallback(int)[m[Kâ€™:
[3.862s] [01m[K/home/stan/workspace/ws_ur_hv/src/workcell_core/src/vision_node.cpp:33:5:[m[K [01;31m[Kerror: [m[Kâ€˜[01m[Klast_msg_[m[Kâ€™ was not declared in this scope
[3.862s]    33 |     [01;31m[Klast_msg_[m[K = msg;
[3.862s]       |     [01;31m[K^~~~~~~~~[m[K
[3.863s] [01m[K/home/stan/workspace/ws_ur_hv/src/workcell_core/src/vision_node.cpp:33:17:[m[K [01;31m[Kerror: [m[Kâ€˜[01m[Kmsg[m[Kâ€™ was not declared in this scope
[3.863s]    33 |     last_msg_ = [01;31m[Kmsg[m[K;
[3.864s]       |                 [01;31m[K^~~[m[K
[3.864s] [01m[K/home/stan/workspace/ws_ur_hv/src/workcell_core/src/vision_node.cpp:33:17:[m[K [01;36m[Knote: [m[Ksuggested alternatives:
[3.864s] In file included from [01m[K/opt/ros/humble/include/builtin_interfaces/builtin_interfaces/msg/duration.hpp:7[m[K,
[3.864s]                  from [01m[K/opt/ros/humble/include/rclcpp/rclcpp/duration.hpp:20[m[K,
[3.865s]                  from [01m[K/opt/ros/humble/include/rclcpp/rclcpp/qos.hpp:20[m[K,
[3.865s]                  from [01m[K/opt/ros/humble/include/rclcpp/rclcpp/node_interfaces/node_graph_interface.hpp:32[m[K,
[3.865s]                  from [01m[K/opt/ros/humble/include/rclcpp/rclcpp/client.hpp:42[m[K,
[3.865s]                  from [01m[K/opt/ros/humble/include/rclcpp/rclcpp/callback_group.hpp:24[m[K,
[3.867s]                  from [01m[K/opt/ros/humble/include/rclcpp/rclcpp/any_executable.hpp:20[m[K,
[3.867s]                  from [01m[K/opt/ros/humble/include/rclcpp/rclcpp/memory_strategy.hpp:25[m[K,
[3.868s]                  from [01m[K/opt/ros/humble/include/rclcpp/rclcpp/memory_strategies.hpp:18[m[K,
[3.868s]                  from [01m[K/opt/ros/humble/include/rclcpp/rclcpp/executor_options.hpp:20[m[K,
[3.868s]                  from [01m[K/opt/ros/humble/include/rclcpp/rclcpp/executor.hpp:37[m[K,
[3.868s]                  from [01m[K/opt/ros/humble/include/rclcpp/rclcpp/executors/multi_threaded_executor.hpp:25[m[K,
[3.868s]                  from [01m[K/opt/ros/humble/include/rclcpp/rclcpp/executors.hpp:21[m[K,
[3.868s]                  from [01m[K/opt/ros/humble/include/rclcpp/rclcpp/rclcpp.hpp:155[m[K,
[3.868s]                  from [01m[K/home/stan/workspace/ws_ur_hv/src/workcell_core/src/vision_node.cpp:7[m[K:
[3.868s] [01m[K/opt/ros/humble/include/builtin_interfaces/builtin_interfaces/msg/detail/duration__struct.hpp:27:11:[m[K [01;36m[Knote: [m[K  â€˜[01m[Kbuiltin_interfaces::msg[m[Kâ€™
[3.869s]    27 | namespace [01;36m[Kmsg[m[K
[3.869s]       |           [01;36m[K^~~[m[K
[3.869s] In file included from [01m[K/opt/ros/humble/include/rcl_interfaces/rcl_interfaces/msg/set_parameters_result.hpp:7[m[K,
[3.869s]                  from [01m[K/opt/ros/humble/include/rclcpp/rclcpp/qos_overriding_options.hpp:28[m[K,
[3.869s]                  from [01m[K/opt/ros/humble/include/rclcpp/rclcpp/subscription_options.hpp:30[m[K,
[3.869s]                  from [01m[K/opt/ros/humble/include/rclcpp/rclcpp/subscription.hpp:45[m[K,
[3.869s]                  from [01m[K/opt/ros/humble/include/rclcpp/rclcpp/any_executable.hpp:25[m[K,
[3.870s]                  from [01m[K/opt/ros/humble/include/rclcpp/rclcpp/memory_strategy.hpp:25[m[K,
[3.870s]                  from [01m[K/opt/ros/humble/include/rclcpp/rclcpp/memory_strategies.hpp:18[m[K,
[3.870s]                  from [01m[K/opt/ros/humble/include/rclcpp/rclcpp/executor_options.hpp:20[m[K,
[3.870s]                  from [01m[K/opt/ros/humble/include/rclcpp/rclcpp/executor.hpp:37[m[K,
[3.870s]                  from [01m[K/opt/ros/humble/include/rclcpp/rclcpp/executors/multi_threaded_executor.hpp:25[m[K,
[3.870s]                  from [01m[K/opt/ros/humble/include/rclcpp/rclcpp/executors.hpp:21[m[K,
[3.870s]                  from [01m[K/opt/ros/humble/include/rclcpp/rclcpp/rclcpp.hpp:155[m[K,
[3.871s]                  from [01m[K/home/stan/workspace/ws_ur_hv/src/workcell_core/src/vision_node.cpp:7[m[K:
[3.871s] [01m[K/opt/ros/humble/include/rcl_interfaces/rcl_interfaces/msg/detail/set_parameters_result__struct.hpp:27:11:[m[K [01;36m[Knote: [m[K  â€˜[01m[Krcl_interfaces::msg[m[Kâ€™
[3.871s]    27 | namespace [01;36m[Kmsg[m[K
[3.871s]       |           [01;36m[K^~~[m[K
[3.871s] In file included from [01m[K/opt/ros/humble/include/statistics_msgs/statistics_msgs/msg/detail/metrics_message__struct.hpp:23[m[K,
[3.871s]                  from [01m[K/opt/ros/humble/include/statistics_msgs/statistics_msgs/msg/metrics_message.hpp:7[m[K,
[3.871s]                  from [01m[K/opt/ros/humble/include/libstatistics_collector/libstatistics_collector/collector/generate_statistics_message.hpp:21[m[K,
[3.872s]                  from [01m[K/opt/ros/humble/include/rclcpp/rclcpp/topic_statistics/subscription_topic_statistics.hpp:23[m[K,
[3.872s]                  from [01m[K/opt/ros/humble/include/rclcpp/rclcpp/subscription.hpp:50[m[K,
[3.872s]                  from [01m[K/opt/ros/humble/include/rclcpp/rclcpp/any_executable.hpp:25[m[K,
[3.872s]                  from [01m[K/opt/ros/humble/include/rclcpp/rclcpp/memory_strategy.hpp:25[m[K,
[3.872s]                  from [01m[K/opt/ros/humble/include/rclcpp/rclcpp/memory_strategies.hpp:18[m[K,
[3.872s]                  from [01m[K/opt/ros/humble/include/rclcpp/rclcpp/executor_options.hpp:20[m[K,
[3.872s]                  from [01m[K/opt/ros/humble/include/rclcpp/rclcpp/executor.hpp:37[m[K,
[3.873s]                  from [01m[K/opt/ros/humble/include/rclcpp/rclcpp/executors/multi_threaded_executor.hpp:25[m[K,
[3.873s]                  from [01m[K/opt/ros/humble/include/rclcpp/rclcpp/executors.hpp:21[m[K,
[3.873s]                  from [01m[K/opt/ros/humble/include/rclcpp/rclcpp/rclcpp.hpp:155[m[K,
[3.873s]                  from [01m[K/home/stan/workspace/ws_ur_hv/src/workcell_core/src/vision_node.cpp:7[m[K:
[3.873s] [01m[K/opt/ros/humble/include/statistics_msgs/statistics_msgs/msg/detail/statistic_data_point__struct.hpp:27:11:[m[K [01;36m[Knote: [m[K  â€˜[01m[Kstatistics_msgs::msg[m[Kâ€™
[3.873s]    27 | namespace [01;36m[Kmsg[m[K
[3.873s]       |           [01;36m[K^~~[m[K
[3.874s] In file included from [01m[K/opt/ros/humble/include/geometry_msgs/geometry_msgs/msg/detail/pose__struct.hpp:20[m[K,
[3.874s]                  from [01m[K/home/stan/workspace/ws_ur_hv/build/workcell_core/rosidl_generator_cpp/workcell_core/srv/detail/localize_part__struct.hpp:134[m[K,
[3.874s]                  from [01m[K/home/stan/workspace/ws_ur_hv/build/workcell_core/rosidl_generator_cpp/workcell_core/srv/localize_part.hpp:7[m[K,
[3.874s]                  from [01m[K/home/stan/workspace/ws_ur_hv/src/workcell_core/src/vision_node.cpp:9[m[K:
[3.874s] [01m[K/opt/ros/humble/include/geometry_msgs/geometry_msgs/msg/detail/point__struct.hpp:27:11:[m[K [01;36m[Knote: [m[K  â€˜[01m[Kgeometry_msgs::msg[m[Kâ€™
[3.874s]    27 | namespace [01;36m[Kmsg[m[K
[3.874s]       |           [01;36m[K^~~[m[K
[3.874s] In file included from [01m[K/opt/ros/humble/include/geometry_msgs/geometry_msgs/msg/detail/pose_stamped__struct.hpp:20[m[K,
[3.875s]                  from [01m[K/opt/ros/humble/include/geometry_msgs/geometry_msgs/msg/pose_stamped.hpp:7[m[K,
[3.875s]                  from [01m[K/home/stan/workspace/ws_ur_hv/src/workcell_core/src/vision_node.cpp:10[m[K:
[3.875s] [01m[K/opt/ros/humble/include/std_msgs/std_msgs/msg/detail/header__struct.hpp:31:11:[m[K [01;36m[Knote: [m[K  â€˜[01m[Kstd_msgs::msg[m[Kâ€™
[3.875s]    31 | namespace [01;36m[Kmsg[m[K
[3.875s]       |           [01;36m[K^~~[m[K
[3.875s] In file included from [01m[K/opt/ros/humble/include/tf2_msgs/tf2_msgs/msg/tf_message.hpp:7[m[K,
[3.875s]                  from [01m[K/opt/ros/humble/include/tf2_ros/tf2_ros/transform_listener.h:44[m[K,
[3.876s]                  from [01m[K/home/stan/workspace/ws_ur_hv/src/workcell_core/src/vision_node.cpp:13[m[K:
[3.876s] [01m[K/opt/ros/humble/include/tf2_msgs/tf2_msgs/msg/detail/tf_message__struct.hpp:31:11:[m[K [01;36m[Knote: [m[K  â€˜[01m[Ktf2_msgs::msg[m[Kâ€™
[3.876s]    31 | namespace [01;36m[Kmsg[m[K
[3.876s]       |           [01;36m[K^~~[m[K
[3.876s] [01m[K/home/stan/workspace/ws_ur_hv/src/workcell_core/src/vision_node.cpp:31:57:[m[K [01;35m[Kwarning: [m[Kunused parameter â€˜[01m[KSharedPtr[m[Kâ€™ [[01;35m[K]8;;https://gcc.gnu.org/onlinedocs/gcc/Warning-Options.html#index-Wunused-parameter-Wunused-parameter]8;;[m[K]
[3.876s]    31 |   void visionCallback([01;35m[Kfake_ar_publisher::msg::ARMarker::SharedPtr[m[K msg)
[3.877s]       |                       [01;35m[K~~~~~~~~~~~~~~~~~~~~~~~~~~~~~~~~~~^~~~~~~~~[m[K
[3.877s] [01m[K/home/stan/workspace/ws_ur_hv/src/workcell_core/src/vision_node.cpp:[m[K In member function â€˜[01m[Kvoid Localizer::localizePart(int)[m[Kâ€™:
[3.877s] [01m[K/home/stan/workspace/ws_ur_hv/src/workcell_core/src/vision_node.cpp:46:5:[m[K [01;31m[Kerror: [m[Kâ€˜[01m[Kfake_ar_publisher[m[Kâ€™ has not been declared
[3.877s]    46 |     [01;31m[Kfake_ar_publisher[m[K::msg::ARMarker::SharedPtr p = last_msg_;
[3.877s]       |     [01;31m[K^~~~~~~~~~~~~~~~~[m[K
[3.877s] [01m[K/home/stan/workspace/ws_ur_hv/src/workcell_core/src/vision_node.cpp:48:11:[m[K [01;31m[Kerror: [m[Kâ€˜[01m[Kp[m[Kâ€™ was not declared in this scope
[3.877s]    48 |     if (! [01;31m[Kp[m[K)
[3.878s]       |           [01;31m[K^[m[K
[3.878s] [01m[K/home/stan/workspace/ws_ur_hv/src/workcell_core/src/vision_node.cpp:51:7:[m[K [01;31m[Kerror: [m[Kâ€˜[01m[Kres[m[Kâ€™ was not declared in this scope
[3.878s]    51 |       [01;31m[Kres[m[K->success = false;
[3.878s]       |       [01;31m[K^~~[m[K
[3.883s] [01m[K/home/stan/workspace/ws_ur_hv/src/workcell_core/src/vision_node.cpp:57:35:[m[K [01;31m[Kerror: [m[Kâ€˜[01m[Kp[m[Kâ€™ was not declared in this scope
[3.883s]    57 |     target_pose_from_cam.header = [01;31m[Kp[m[K->header;
[3.883s]       |                                   [01;31m[K^[m[K
[3.889s] [01m[K/home/stan/workspace/ws_ur_hv/src/workcell_core/src/vision_node.cpp:60:27:[m[K [01;31m[Kerror: [m[Kâ€˜[01m[Kreq[m[Kâ€™ was not declared in this scope
[3.889s]    60 |     target_pose_from_cam, [01;31m[Kreq[m[K->base_frame);
[3.889s]       |                           [01;31m[K^~~[m[K
[3.895s] [01m[K/home/stan/workspace/ws_ur_hv/src/workcell_core/src/vision_node.cpp:62:5:[m[K [01;31m[Kerror: [m[Kâ€˜[01m[Kres[m[Kâ€™ was not declared in this scope
[3.895s]    62 |     [01;31m[Kres[m[K->pose = target_pose_from_req.pose;
[3.895s]       |     [01;31m[K^~~[m[K
[3.895s] [01m[K/home/stan/workspace/ws_ur_hv/src/workcell_core/src/vision_node.cpp:42:66:[m[K [01;35m[Kwarning: [m[Kunused parameter â€˜[01m[KSharedPtr[m[Kâ€™ [[01;35m[K]8;;https://gcc.gnu.org/onlinedocs/gcc/Warning-Options.html#index-Wunused-parameter-Wunused-parameter]8;;[m[K]
[3.896s]    42 |   void localizePart([01;35m[Kmyworkcell_core::srv::LocalizePart::Request::SharedPtr[m[K req,
[3.896s]       |                     [01;35m[K~~~~~~~~~~~~~~~~~~~~~~~~~~~~~~~~~~~~~~~~~~~~~^~~~~~~~~[m[K
[4.692s] gmake[2]: *** [CMakeFiles/vision_node.dir/build.make:76: CMakeFiles/vision_node.dir/src/vision_node.cpp.o] Error 1
[4.692s] gmake[1]: *** [CMakeFiles/Makefile2:593: CMakeFiles/vision_node.dir/all] Error 2
[4.692s] gmake: *** [Makefile:146: all] Error 2
[4.699s] Invoked command in '/home/stan/workspace/ws_ur_hv/build/workcell_core' returned '2': CMAKE_PREFIX_PATH=/opt/ros/humble /home/stan/.local/bin/cmake --build /home/stan/workspace/ws_ur_hv/build/workcell_core -- -j12 -l12
